{
  "stats": {
    "suites": 2,
    "tests": 90,
    "passes": 84,
    "pending": 0,
    "failures": 6,
    "start": "2021-07-20T09:40:28.903Z",
    "end": "2021-07-20T11:33:14.998Z",
    "duration": 6766095,
    "testsRegistered": 90,
    "passPercent": 93.33333333333333,
    "pendingPercent": 0,
    "other": 0,
    "hasOther": false,
    "skipped": 0,
    "hasSkipped": false
  },
  "results": [
    {
      "uuid": "e7335819-27ba-4cfb-bf87-766d878109fe",
      "title": "",
      "fullFile": "cypress/integration/bible-search-tests.js",
      "file": "cypress/integration/bible-search-tests.js",
      "beforeHooks": [],
      "afterHooks": [],
      "tests": [],
      "suites": [
        {
          "uuid": "8b7e07ec-16d7-48e5-b8d5-99d8807df91f",
          "title": "bible-search-tests",
          "fullFile": "",
          "file": "",
          "beforeHooks": [],
          "afterHooks": [],
          "tests": [
            {
              "title": "Each result contains at least one word form of each search word",
              "fullTitle": "bible-search-tests Each result contains at least one word form of each search word",
              "timedOut": null,
              "duration": 22752,
              "state": "passed",
              "speed": "slow",
              "pass": true,
              "fail": false,
              "pending": false,
              "context": "\"videos/bible-search-tests.js.mp4\"",
              "code": "cy.searchRun({\n  text: 'יום השישי',\n  collection: 'תנ\"ך',\n  language: 'Hebrew'\n});\ncy.theFormOfTheText('עם ניקוד');\ncy.showAllWordForms();\ncy.eachSelectedWordFormMatrix().then(selectedWordFormMatrix => {\n  //For the first word in the search has 12 words form\n  expect(selectedWordFormMatrix[0].length).eq(12); //For the second word in the search has 2 words form\n  expect(selectedWordFormMatrix[1].length).eq(2);\n  cy.resultPagination({\n    tests: 'wordForms',\n    data: selectedWordFormMatrix\n  });\n});",
              "err": {},
              "uuid": "55177557-3a72-47be-b0d4-4ceab46e79cf",
              "parentUUID": "8b7e07ec-16d7-48e5-b8d5-99d8807df91f",
              "isHook": false,
              "skipped": false
            },
            {
              "title": "Removal of word form",
              "fullTitle": "bible-search-tests Removal of word form",
              "timedOut": null,
              "duration": 14379,
              "state": "passed",
              "speed": "slow",
              "pass": true,
              "fail": false,
              "pending": false,
              "context": "\"videos/bible-search-tests.js.mp4\"",
              "code": "cy.searchRun({\n  text: 'יום השישי',\n  collection: 'תנ\"ך',\n  language: 'Hebrew'\n});\ncy.theFormOfTheText('עם ניקוד');\ncy.showAllWordForms(); //The number in the top has 12\ncy.get('.f > span > :nth-child(2)').should('contain', 12); //Removal of בַּיֹּום\ncy.get('li').contains('בַּיּוֹם').within(() => {\n  cy.get('[type=\"checkbox\"]').uncheck({\n    force: true\n  });\n});\ncy.get('[class*=\"loader\"]').should('not.exist'); //The number in the top has 11\ncy.get('.f > span > :nth-child(2)').should('contain', 11);\ncy.eachSelectedWordFormMatrix().then(selectedWordFormMatrix => {\n  //For the first word in the search has 11 words form    \n  expect(selectedWordFormMatrix[0].length).eq(11); //For the second word in the search has 2 words form\n  expect(selectedWordFormMatrix[1].length).eq(2);\n  cy.resultPagination({\n    tests: 'wordForms',\n    data: selectedWordFormMatrix\n  });\n}); //Check of בַּיֹּום\ncy.get('li').contains('בַּיּוֹם').within(() => {\n  cy.get('[type=\"checkbox\"]').check({\n    force: true\n  });\n});",
              "err": {},
              "uuid": "d04943e6-9f96-45fb-a114-1ff36ee68936",
              "parentUUID": "8b7e07ec-16d7-48e5-b8d5-99d8807df91f",
              "isHook": false,
              "skipped": false
            },
            {
              "title": "Each word form appears in the results as the number of times it has been written next to word form",
              "fullTitle": "bible-search-tests Each word form appears in the results as the number of times it has been written next to word form",
              "timedOut": null,
              "duration": 40925,
              "state": "passed",
              "speed": "slow",
              "pass": true,
              "fail": false,
              "pending": false,
              "context": "\"videos/bible-search-tests.js.mp4\"",
              "code": "cy.searchRun({\n  text: 'צבי',\n  collection: 'תנ\"ך',\n  language: 'Hebrew'\n});\ncy.theFormOfTheText('עם ניקוד');\ncy.showAllWordForms();\ncy.wordFormsWithNumberOfAppearances();",
              "err": {},
              "uuid": "caecf8d0-01fd-420c-b5ce-eaf4be767705",
              "parentUUID": "8b7e07ec-16d7-48e5-b8d5-99d8807df91f",
              "isHook": false,
              "skipped": false
            },
            {
              "title": "A pair of words that come one after the other",
              "fullTitle": "bible-search-tests A pair of words that come one after the other",
              "timedOut": null,
              "duration": 35668,
              "state": "failed",
              "speed": null,
              "pass": false,
              "fail": true,
              "pending": false,
              "context": "\"videos/bible-search-tests.js.mp4\"",
              "code": "cy.searchRun({\n  text: 'שלום בית',\n  collection: 'תנ\"ך',\n  language: 'Hebrew'\n});\ncy.theFormOfTheText('עם ניקוד'); //Number of results\ncy.get('.f > span > :nth-child(2)').then($numberOfResults => {\n  expect(parseInt($numberOfResults.text())).to.eq(116);\n});\ncy.visit('/');\ncy.searchRun({\n  text: '\"שלום בית\"',\n  collection: 'תנ\"ך',\n  language: 'Hebrew'\n});\ncy.theFormOfTheText('עם ניקוד'); //Number of results\ncy.get('.f > span > :nth-child(2)').then($numberOfResults => {\n  expect(parseInt($numberOfResults.text())).to.eq(2);\n}).then(() => {\n  cy.showAllWordForms(); //Wait for word forms to update \n  cy.get('[class=\"control control--checkbox\"]').should('have.length', 7);\n  cy.consecutiveWordsFormsArray().then(consecutiveWordFormsArray => {\n    cy.log(consecutiveWordFormsArray[8]);\n    cy.resultPagination({\n      tests: 'wordFormsConsecutive',\n      data: consecutiveWordFormsArray\n    });\n  });\n});",
              "err": {
                "message": "CypressError: `cy.visit()` failed because you are attempting to visit a URL that is of a different origin.\n\nThe new URL is considered a different origin because the following parts of the URL are different:\n\n  > superdomain\n\nYou may only `cy.visit()` same-origin URLs within a single test.\n\nThe previous URL you visited was:\n\n  > 'https://search.dicta.org.il'\n\nYou're attempting to visit this URL:\n\n  > 'https://multisearch-2-dev--cranky-banach-377068.netlify.app'\n\nYou may need to restructure some of your test code to avoid this problem.\n\nhttps://on.cypress.io/cannot-visit-different-origin-domain",
                "estack": "CypressError: `cy.visit()` failed because you are attempting to visit a URL that is of a different origin.\n\nThe new URL is considered a different origin because the following parts of the URL are different:\n\n  > superdomain\n\nYou may only `cy.visit()` same-origin URLs within a single test.\n\nThe previous URL you visited was:\n\n  > 'https://search.dicta.org.il'\n\nYou're attempting to visit this URL:\n\n  > 'https://multisearch-2-dev--cranky-banach-377068.netlify.app'\n\nYou may need to restructure some of your test code to avoid this problem.\n\nhttps://on.cypress.io/cannot-visit-different-origin-domain\n    at cannotVisitDifferentOrigin (https://search.dicta.org.il/__cypress/runner/cypress_runner.js:137639:13)\n    at go (https://search.dicta.org.il/__cypress/runner/cypress_runner.js:138425:18)\n    at visit (https://search.dicta.org.il/__cypress/runner/cypress_runner.js:138613:16)\n    at Context.visit (https://search.dicta.org.il/__cypress/runner/cypress_runner.js:138616:14)\nFrom Your Spec Code:\n    at Context.eval (https://search.dicta.org.il/__cypress/tests?p=cypress\\integration\\bible-search-tests.js:716:9)",
                "diff": null
              },
              "uuid": "567fdc50-53c5-4c92-8298-0c5b6294bf8a",
              "parentUUID": "8b7e07ec-16d7-48e5-b8d5-99d8807df91f",
              "isHook": false,
              "skipped": false
            },
            {
              "title": "Each result contains the specific word",
              "fullTitle": "bible-search-tests Each result contains the specific word",
              "timedOut": null,
              "duration": 25900,
              "state": "passed",
              "speed": "slow",
              "pass": true,
              "fail": false,
              "pending": false,
              "context": "\"videos/bible-search-tests.js.mp4\"",
              "code": "cy.searchRun({\n  text: 'לַאֲרָיוֹת',\n  collection: 'תנ\"ך',\n  language: 'Hebrew'\n});\ncy.theFormOfTheText('עם ניקוד');\ncy.resultPagination({\n  tests: 'specific search',\n  data: 'לַאֲרָיוֹת'\n});",
              "err": {},
              "uuid": "4656e855-65e4-435f-bec5-56b70a4a8e9e",
              "parentUUID": "8b7e07ec-16d7-48e5-b8d5-99d8807df91f",
              "isHook": false,
              "skipped": false
            },
            {
              "title": "Each book appears in the results as the number of times it has been written next to book",
              "fullTitle": "bible-search-tests Each book appears in the results as the number of times it has been written next to book",
              "timedOut": null,
              "duration": 36130,
              "state": "passed",
              "speed": "slow",
              "pass": true,
              "fail": false,
              "pending": false,
              "context": "\"videos/bible-search-tests.js.mp4\"",
              "code": "cy.searchRun({\n  text: 'יום השישי',\n  collection: 'תנ\"ך',\n  language: 'Hebrew'\n});\ncy.theFormOfTheText('עם ניקוד');\ncy.showBooks();\ncy.selectedBooksMap().then(selectedBooks => {\n  //Number of books is 7    \n  expect(selectedBooks.size).eq(7);\n  cy.resultPagination({\n    tests: 'books',\n    data: selectedBooks\n  });\n});",
              "err": {},
              "uuid": "c9124368-43ef-4f15-baa4-4888a121b268",
              "parentUUID": "8b7e07ec-16d7-48e5-b8d5-99d8807df91f",
              "isHook": false,
              "skipped": false
            },
            {
              "title": "Removal of book",
              "fullTitle": "bible-search-tests Removal of book",
              "timedOut": null,
              "duration": 50056,
              "state": "passed",
              "speed": "slow",
              "pass": true,
              "fail": false,
              "pending": false,
              "context": "\"videos/bible-search-tests.js.mp4\"",
              "code": "cy.searchRun({\n  text: 'יום השישי',\n  collection: 'תנ\"ך',\n  language: 'Hebrew'\n});\ncy.theFormOfTheText('עם ניקוד');\ncy.showBooks(); //remove book שמות\ncy.get('[class=\"slide-li\"]').contains('ספר שמות').within(() => {\n  cy.get('[type=\"checkbox\"]').uncheck({\n    force: true\n  });\n  cy.get('[type=\"checkbox\"]').should('not.be.checked');\n});\ncy.selectedBooksMap().then(selectedBooks => {\n  //Number of books is 6\n  expect(selectedBooks.size).eq(6);\n  cy.resultPagination({\n    tests: 'books',\n    data: selectedBooks\n  });\n});",
              "err": {},
              "uuid": "80fb979f-6426-43f9-9f37-c2018bdca240",
              "parentUUID": "8b7e07ec-16d7-48e5-b8d5-99d8807df91f",
              "isHook": false,
              "skipped": false
            },
            {
              "title": "Removal of collection",
              "fullTitle": "bible-search-tests Removal of collection",
              "timedOut": null,
              "duration": 54538,
              "state": "passed",
              "speed": "slow",
              "pass": true,
              "fail": false,
              "pending": false,
              "context": "\"videos/bible-search-tests.js.mp4\"",
              "code": "cy.searchRun({\n  text: 'יום השישי',\n  collection: 'תנ\"ך',\n  language: 'Hebrew'\n});\ncy.theFormOfTheText('עם ניקוד');\ncy.showBooks(); //remove collection תורה\ncy.get('span').contains('תורה').parent('a').siblings('[class*=\"inner-accordion-content\"]').within(() => {\n  cy.get('[class*=\"selectAll\"]').within(() => {\n    cy.get('[type=\"checkbox\"]').uncheck({\n      force: true\n    });\n    cy.get('[type=\"checkbox\"]').should('not.be.checked');\n  });\n});\ncy.selectedBooksMap().then(selectedBooks => {\n  //Number of books is 4\n  expect(selectedBooks.size).eq(4);\n  cy.resultPagination({\n    tests: 'books',\n    data: selectedBooks\n  });\n});",
              "err": {},
              "uuid": "7864893c-1ab6-4342-9e61-f692db4288c8",
              "parentUUID": "8b7e07ec-16d7-48e5-b8d5-99d8807df91f",
              "isHook": false,
              "skipped": false
            },
            {
              "title": "Each result has at least one meaning of each search word",
              "fullTitle": "bible-search-tests Each result has at least one meaning of each search word",
              "timedOut": null,
              "duration": 65272,
              "state": "passed",
              "speed": "slow",
              "pass": true,
              "fail": false,
              "pending": false,
              "context": "\"videos/bible-search-tests.js.mp4\"",
              "code": "cy.searchRun({\n  text: 'יום השישי',\n  collection: 'תנ\"ך',\n  language: 'Hebrew'\n});\ncy.theFormOfTheText('עם ניקוד');\ncy.showMeaningsAndSynonyms();\ncy.eachSelectedMeaningsAndSynonymsMatrix().then(meaningsAndSynonymsMatrix => {\n  cy.resultPagination({\n    tests: 'selectedMeaningsAndSynonyms',\n    data: meaningsAndSynonymsMatrix\n  });\n});",
              "err": {},
              "uuid": "044e0ff2-faef-410c-b9ec-788a9d56a932",
              "parentUUID": "8b7e07ec-16d7-48e5-b8d5-99d8807df91f",
              "isHook": false,
              "skipped": false
            },
            {
              "title": "Each meaning appears in the results as the number of times it has been written next to meaning",
              "fullTitle": "bible-search-tests Each meaning appears in the results as the number of times it has been written next to meaning",
              "timedOut": null,
              "duration": 67929,
              "state": "passed",
              "speed": "slow",
              "pass": true,
              "fail": false,
              "pending": false,
              "context": "\"videos/bible-search-tests.js.mp4\"",
              "code": "cy.searchRun({\n  text: 'הבל הבלים',\n  collection: 'תנ\"ך',\n  language: 'Hebrew'\n});\ncy.theFormOfTheText('עם ניקוד');\ncy.showMeaningsAndSynonyms();\ncy.eachMeaningTests();",
              "err": {},
              "uuid": "9f2d9c62-2ede-4104-9c39-bc6494f94eb7",
              "parentUUID": "8b7e07ec-16d7-48e5-b8d5-99d8807df91f",
              "isHook": false,
              "skipped": false
            },
            {
              "title": "Each meaning and synonym appears in the results as the number of times it has been written next to meaning",
              "fullTitle": "bible-search-tests Each meaning and synonym appears in the results as the number of times it has been written next to meaning",
              "timedOut": null,
              "duration": 103089,
              "state": "failed",
              "speed": null,
              "pass": false,
              "fail": true,
              "pending": false,
              "context": "\"videos/bible-search-tests.js.mp4\"",
              "code": "cy.searchRun({\n  text: 'הבל הבלים',\n  collection: 'תנ\"ך',\n  language: 'Hebrew'\n});\ncy.theFormOfTheText('עם ניקוד');\ncy.showMeaningsAndSynonyms();\ncy.synonymsTests();",
              "err": {
                "message": "AssertionError: Timed out retrying after 20000ms: expected false to be true",
                "estack": "AssertionError: Timed out retrying after 20000ms: expected false to be true\n    at Context.eval (https://search.dicta.org.il/__cypress/tests?p=cypress\\support\\index.js:1042:26)",
                "diff": null
              },
              "uuid": "47667dff-c9ca-4f05-acbd-dc0e0194fd2a",
              "parentUUID": "8b7e07ec-16d7-48e5-b8d5-99d8807df91f",
              "isHook": false,
              "skipped": false
            },
            {
              "title": "Each result has at least one meaning or synonym of each search word",
              "fullTitle": "bible-search-tests Each result has at least one meaning or synonym of each search word",
              "timedOut": null,
              "duration": 41114,
              "state": "passed",
              "speed": "slow",
              "pass": true,
              "fail": false,
              "pending": false,
              "context": "\"videos/bible-search-tests.js.mp4\"",
              "code": "let numberOfResults;\ncy.searchRun({\n  text: 'צבי',\n  collection: 'תנ\"ך',\n  language: 'Hebrew'\n});\ncy.theFormOfTheText('עם ניקוד'); //num of results befor synonyms\ncy.get('.f > span > :nth-child(2)').then($numberOfResults => {\n  numberOfResults = parseInt($numberOfResults.text());\n}).then(() => {\n  cy.showMeaningsAndSynonyms();\n  cy.selectSynonym('עֹפֶר');\n  cy.selectSynonym('צָבָא');\n}).then(() => {\n  //num of results after synonyms\n  cy.get('.f > span > :nth-child(2)').then($numberOfResults => {\n    expect(parseInt($numberOfResults.text())).to.greaterThan(numberOfResults);\n  });\n}).then(() => {\n  cy.eachSelectedMeaningsAndSynonymsMatrix().then(meaningsAndSynonymsMatrix => {\n    cy.resultPagination({\n      tests: 'selectedMeaningsAndSynonyms',\n      data: meaningsAndSynonymsMatrix\n    });\n  });\n});",
              "err": {},
              "uuid": "11e5342e-a3d2-4808-bff9-ed56bf789140",
              "parentUUID": "8b7e07ec-16d7-48e5-b8d5-99d8807df91f",
              "isHook": false,
              "skipped": false
            },
            {
              "title": "Removal of meaning",
              "fullTitle": "bible-search-tests Removal of meaning",
              "timedOut": null,
              "duration": 63874,
              "state": "passed",
              "speed": "slow",
              "pass": true,
              "fail": false,
              "pending": false,
              "context": "\"videos/bible-search-tests.js.mp4\"",
              "code": "cy.searchRun({\n  text: 'אריה',\n  collection: 'תנ\"ך',\n  language: 'Hebrew'\n});\ncy.theFormOfTheText('עם ניקוד');\ncy.showMeaningsAndSynonyms(); //cy.intercept('**').as('requests')\ncy.get('li[class=\"slide-li\"]').contains('אֲרִי').within(() => {\n  cy.get('[type=\"checkbox\"]').uncheck({\n    force: true\n  });\n  cy.get('[type=\"checkbox\"]').should('not.be.checked');\n}).then(() => {\n  cy.get('[class*=\"loader\"]').should('not.exist'); //Check meanings update\n  cy.get('[class*=\"collapse-btn\"]').first().click({\n    force: true\n  }).then(() => {\n    cy.get('[class=\"description-text\"]').should('have.length', 15);\n  });\n  cy.get('[class*=\"collapse-btn\"]').first().click({\n    force: true\n  });\n  cy.eachSelectedMeaningsAndSynonymsMatrix().then(meaningsAndSynonymsMatrix => {\n    cy.resultPagination({\n      tests: 'selectedMeaningsAndSynonyms',\n      data: meaningsAndSynonymsMatrix\n    });\n  });\n});",
              "err": {},
              "uuid": "dfa1d04f-78e8-40dd-b03a-027c22e14e8c",
              "parentUUID": "8b7e07ec-16d7-48e5-b8d5-99d8807df91f",
              "isHook": false,
              "skipped": false
            },
            {
              "title": "No meanings but there are synonyms",
              "fullTitle": "bible-search-tests No meanings but there are synonyms",
              "timedOut": null,
              "duration": 66716,
              "state": "passed",
              "speed": "slow",
              "pass": true,
              "fail": false,
              "pending": false,
              "context": "\"videos/bible-search-tests.js.mp4\"",
              "code": "cy.searchRun({\n  text: 'ששון חדווה',\n  collection: 'תנ\"ך',\n  language: 'Hebrew'\n});\ncy.theFormOfTheText('עם ניקוד'); //Results not exist\ncy.get('[class=\"result-list\"]').should('not.exist').then(() => {\n  cy.showMeaningsAndSynonyms(); //Select synonyms of the word\n  cy.get('[class=\"inner-ul\"]').first().next().within(() => {\n    cy.selectSynonym('רִנָּה');\n    cy.selectSynonym('גִּילָה');\n  }); // cy.get('span[class=\"f-narkis\"]').contains('שָׂשֹׂון').siblings('[class=\"text-numbers\"]')\n  // .should('contain','(6)')\n}).then(() => {\n  //The number in the top has 6\n  cy.get('.f > span > :nth-child(2)').then($numberOfResults => {\n    expect(parseInt($numberOfResults.text())).to.eq(6);\n  });\n});\ncy.eachSelectedMeaningsAndSynonymsMatrix().then(meaningsAndSynonymsMatrix => {\n  cy.resultPagination({\n    tests: 'selectedMeaningsAndSynonyms',\n    data: meaningsAndSynonymsMatrix\n  });\n});",
              "err": {},
              "uuid": "2d7bb2b4-be60-43cd-add0-0594f7264677",
              "parentUUID": "8b7e07ec-16d7-48e5-b8d5-99d8807df91f",
              "isHook": false,
              "skipped": false
            },
            {
              "title": "Search with root words",
              "fullTitle": "bible-search-tests Search with root words",
              "timedOut": null,
              "duration": 54320,
              "state": "passed",
              "speed": "slow",
              "pass": true,
              "fail": false,
              "pending": false,
              "context": "\"videos/bible-search-tests.js.mp4\"",
              "code": "cy.searchRun({\n  text: 'ברא',\n  collection: 'תנ\"ך',\n  language: 'Hebrew'\n});\ncy.theFormOfTheText('עם ניקוד');\ncy.existsInResult('וַיִּבְרָא');",
              "err": {},
              "uuid": "2fa068b9-451b-4964-a8ce-2f694142ca82",
              "parentUUID": "8b7e07ec-16d7-48e5-b8d5-99d8807df91f",
              "isHook": false,
              "skipped": false
            },
            {
              "title": "search full spelling and also get partial spelling results",
              "fullTitle": "bible-search-tests search full spelling and also get partial spelling results",
              "timedOut": null,
              "duration": 76879,
              "state": "passed",
              "speed": "slow",
              "pass": true,
              "fail": false,
              "pending": false,
              "context": "\"videos/bible-search-tests.js.mp4\"",
              "code": "cy.searchRun({\n  text: 'דָּוִיד',\n  collection: 'תנ\"ך',\n  language: 'Hebrew'\n});\ncy.theFormOfTheText('עם ניקוד');\ncy.existsInResult('דָוִד');",
              "err": {},
              "uuid": "cb7fea10-4e62-44d6-b1e2-b6de3a070db9",
              "parentUUID": "8b7e07ec-16d7-48e5-b8d5-99d8807df91f",
              "isHook": false,
              "skipped": false
            },
            {
              "title": "search partial spelling and also get full spelling results",
              "fullTitle": "bible-search-tests search partial spelling and also get full spelling results",
              "timedOut": null,
              "duration": 40924,
              "state": "passed",
              "speed": "slow",
              "pass": true,
              "fail": false,
              "pending": false,
              "context": "\"videos/bible-search-tests.js.mp4\"",
              "code": "cy.searchRun({\n  text: 'דָוִד',\n  collection: 'תנ\"ך',\n  language: 'Hebrew'\n});\ncy.theFormOfTheText('עם ניקוד');\ncy.existsInResult('דָּוִיד');",
              "err": {},
              "uuid": "e9f0f8fa-0bba-4757-9e38-2cc1f92f2b8d",
              "parentUUID": "8b7e07ec-16d7-48e5-b8d5-99d8807df91f",
              "isHook": false,
              "skipped": false
            },
            {
              "title": "Different suffixes second person that does not end with \"ה\"",
              "fullTitle": "bible-search-tests Different suffixes second person that does not end with \"ה\"",
              "timedOut": null,
              "duration": 29502,
              "state": "passed",
              "speed": "slow",
              "pass": true,
              "fail": false,
              "pending": false,
              "context": "\"videos/bible-search-tests.js.mp4\"",
              "code": "cy.searchRun({\n  text: 'אֹותְךָ',\n  collection: 'תנ\"ך',\n  language: 'Hebrew'\n});\ncy.theFormOfTheText('עם ניקוד');\ncy.existsInResult('אֹתְכָה');",
              "err": {},
              "uuid": "c627916e-ac01-433b-a91d-3cd838db0425",
              "parentUUID": "8b7e07ec-16d7-48e5-b8d5-99d8807df91f",
              "isHook": false,
              "skipped": false
            },
            {
              "title": "Different suffixes second person, female that does not end with \"ה\"",
              "fullTitle": "bible-search-tests Different suffixes second person, female that does not end with \"ה\"",
              "timedOut": null,
              "duration": 15735,
              "state": "passed",
              "speed": "slow",
              "pass": true,
              "fail": false,
              "pending": false,
              "context": "\"videos/bible-search-tests.js.mp4\"",
              "code": "cy.searchRun({\n  text: 'גַּרְתָּ',\n  collection: 'תנ\"ך',\n  language: 'Hebrew'\n});\ncy.theFormOfTheText('עם ניקוד');\ncy.existsInResult('גַּרְתָּה');",
              "err": {},
              "uuid": "7f99ef5c-c1dd-49a3-bd92-bb6ccf404784",
              "parentUUID": "8b7e07ec-16d7-48e5-b8d5-99d8807df91f",
              "isHook": false,
              "skipped": false
            },
            {
              "title": "Different suffixes third person that does not end with \"ה\"",
              "fullTitle": "bible-search-tests Different suffixes third person that does not end with \"ה\"",
              "timedOut": null,
              "duration": 23770,
              "state": "passed",
              "speed": "slow",
              "pass": true,
              "fail": false,
              "pending": false,
              "context": "\"videos/bible-search-tests.js.mp4\"",
              "code": "cy.searchRun({\n  text: 'כֻּלֹּו',\n  collection: 'תנ\"ך',\n  language: 'Hebrew'\n});\ncy.theFormOfTheText('עם ניקוד');\ncy.existsInResult('כֻּלֹּה');",
              "err": {},
              "uuid": "8e9c07d0-c2a7-43d9-a7d0-d7653f7d40c0",
              "parentUUID": "8b7e07ec-16d7-48e5-b8d5-99d8807df91f",
              "isHook": false,
              "skipped": false
            },
            {
              "title": "Search additional א and also get missing א results",
              "fullTitle": "bible-search-tests Search additional א and also get missing א results",
              "timedOut": null,
              "duration": 17394,
              "state": "passed",
              "speed": "slow",
              "pass": true,
              "fail": false,
              "pending": false,
              "context": "\"videos/bible-search-tests.js.mp4\"",
              "code": "cy.searchRun({\n  text: 'ונטמאתם',\n  collection: 'תנ\"ך',\n  language: 'Hebrew'\n});\ncy.theFormOfTheText('עם ניקוד');\ncy.existsInResult('וְנִטְמֵתֶם');",
              "err": {},
              "uuid": "fbc0228b-024d-4c8d-bcef-e829382a298d",
              "parentUUID": "8b7e07ec-16d7-48e5-b8d5-99d8807df91f",
              "isHook": false,
              "skipped": false
            },
            {
              "title": "Search additional א and also get missing א results",
              "fullTitle": "bible-search-tests Search additional א and also get missing א results",
              "timedOut": null,
              "duration": 23163,
              "state": "passed",
              "speed": "slow",
              "pass": true,
              "fail": false,
              "pending": false,
              "context": "\"videos/bible-search-tests.js.mp4\"",
              "code": "cy.searchRun({\n  text: 'מראשית',\n  collection: 'תנ\"ך',\n  language: 'Hebrew'\n});\ncy.theFormOfTheText('עם ניקוד');\ncy.existsInResult('מֵרֵשִׁית');",
              "err": {},
              "uuid": "30616489-34e9-49fd-8969-ea903e4c4760",
              "parentUUID": "8b7e07ec-16d7-48e5-b8d5-99d8807df91f",
              "isHook": false,
              "skipped": false
            },
            {
              "title": "Search missing א and also get additional א results",
              "fullTitle": "bible-search-tests Search missing א and also get additional א results",
              "timedOut": null,
              "duration": 15954,
              "state": "passed",
              "speed": "slow",
              "pass": true,
              "fail": false,
              "pending": false,
              "context": "\"videos/bible-search-tests.js.mp4\"",
              "code": "cy.searchRun({\n  text: 'ורציתי',\n  collection: 'תנ\"ך',\n  language: 'Hebrew'\n});\ncy.theFormOfTheText('עם ניקוד');\ncy.existsInResult('וְרָצִאתִי');",
              "err": {},
              "uuid": "d028d170-fd40-48b2-8fdf-566f743c0cd6",
              "parentUUID": "8b7e07ec-16d7-48e5-b8d5-99d8807df91f",
              "isHook": false,
              "skipped": false
            },
            {
              "title": "Search missing ה and also get additional ה results",
              "fullTitle": "bible-search-tests Search missing ה and also get additional ה results",
              "timedOut": null,
              "duration": 9889,
              "state": "passed",
              "speed": "slow",
              "pass": true,
              "fail": false,
              "pending": false,
              "context": "\"videos/bible-search-tests.js.mp4\"",
              "code": "cy.searchRun({\n  text: 'כָּמֹוךָ',\n  collection: 'תנ\"ך',\n  language: 'Hebrew'\n});\ncy.theFormOfTheText('ללא ניקוד');\ncy.existsInResult('כמכה');",
              "err": {},
              "uuid": "23866f95-a98c-481d-9e71-4d4f90ab6853",
              "parentUUID": "8b7e07ec-16d7-48e5-b8d5-99d8807df91f",
              "isHook": false,
              "skipped": false
            },
            {
              "title": "Search a word that ends with א and also get that word that ends with ה",
              "fullTitle": "bible-search-tests Search a word that ends with א and also get that word that ends with ה",
              "timedOut": null,
              "duration": 24593,
              "state": "passed",
              "speed": "slow",
              "pass": true,
              "fail": false,
              "pending": false,
              "context": "\"videos/bible-search-tests.js.mp4\"",
              "code": "cy.searchRun({\n  text: 'ימלא',\n  collection: 'תנ\"ך',\n  language: 'Hebrew'\n});\ncy.theFormOfTheText('עם ניקוד');\ncy.existsInResult('יְמַלֵּה');",
              "err": {},
              "uuid": "0acb71cc-e7d9-4632-8232-befcddca6675",
              "parentUUID": "8b7e07ec-16d7-48e5-b8d5-99d8807df91f",
              "isHook": false,
              "skipped": false
            },
            {
              "title": "Search a word that ends with ם and also get that word that ends with ן",
              "fullTitle": "bible-search-tests Search a word that ends with ם and also get that word that ends with ן",
              "timedOut": null,
              "duration": 29938,
              "state": "passed",
              "speed": "slow",
              "pass": true,
              "fail": false,
              "pending": false,
              "context": "\"videos/bible-search-tests.js.mp4\"",
              "code": "cy.searchRun({\n  text: 'חטים',\n  collection: 'תנ\"ך',\n  language: 'Hebrew'\n});\ncy.theFormOfTheText('עם ניקוד');\ncy.existsInResult('חִטִּין');",
              "err": {},
              "uuid": "a953e276-d027-40ab-908f-66afcec076bb",
              "parentUUID": "8b7e07ec-16d7-48e5-b8d5-99d8807df91f",
              "isHook": false,
              "skipped": false
            },
            {
              "title": "Search a word with ס and also get that word with replace of ס with ש",
              "fullTitle": "bible-search-tests Search a word with ס and also get that word with replace of ס with ש",
              "timedOut": null,
              "duration": 17527,
              "state": "passed",
              "speed": "slow",
              "pass": true,
              "fail": false,
              "pending": false,
              "context": "\"videos/bible-search-tests.js.mp4\"",
              "code": "cy.searchRun({\n  text: 'וארסתיך',\n  collection: 'תנ\"ך',\n  language: 'Hebrew'\n});\ncy.theFormOfTheText('עם ניקוד');\ncy.existsInResult('וְאֵרַשְׂתִּיךְ');",
              "err": {},
              "uuid": "fdd6f531-a9de-4b4a-828c-3353c26ef1bf",
              "parentUUID": "8b7e07ec-16d7-48e5-b8d5-99d8807df91f",
              "isHook": false,
              "skipped": false
            },
            {
              "title": "Different ways the bible refers to G-d",
              "fullTitle": "bible-search-tests Different ways the bible refers to G-d",
              "timedOut": null,
              "duration": 47979,
              "state": "passed",
              "speed": "slow",
              "pass": true,
              "fail": false,
              "pending": false,
              "context": "\"videos/bible-search-tests.js.mp4\"",
              "code": "cy.searchRun({\n  text: 'א-להים',\n  collection: 'תנ\"ך',\n  language: 'Hebrew'\n});\ncy.theFormOfTheText('עם ניקוד');\ncy.existsInResult('הָאֱלֹהִים'); // cy.searchRun({text:'ה\\'',language:'Hebrew'})\n// cy.existsInResult('הָאֱלֹהִים')",
              "err": {},
              "uuid": "c650f1fc-d55e-4f28-a5a5-e1d5925f5756",
              "parentUUID": "8b7e07ec-16d7-48e5-b8d5-99d8807df91f",
              "isHook": false,
              "skipped": false
            },
            {
              "title": "Search with numbers",
              "fullTitle": "bible-search-tests Search with numbers",
              "timedOut": null,
              "duration": 16884,
              "state": "passed",
              "speed": "slow",
              "pass": true,
              "fail": false,
              "pending": false,
              "context": "\"videos/bible-search-tests.js.mp4\"",
              "code": "cy.searchRun({\n  text: '127',\n  collection: 'תנ\"ך',\n  language: 'Hebrew'\n});\ncy.theFormOfTheText('עם ניקוד');\ncy.existsInResult('מֵאָה');\ncy.existsInResult('וְעֶשְׂרִים');\ncy.existsInResult('וְשֶׁבַע');",
              "err": {},
              "uuid": "19d3c5b6-a17b-4d8d-b554-83fd99011a79",
              "parentUUID": "8b7e07ec-16d7-48e5-b8d5-99d8807df91f",
              "isHook": false,
              "skipped": false
            },
            {
              "title": "No nikud",
              "fullTitle": "bible-search-tests No nikud",
              "timedOut": null,
              "duration": 9194,
              "state": "passed",
              "speed": "slow",
              "pass": true,
              "fail": false,
              "pending": false,
              "context": "\"videos/bible-search-tests.js.mp4\"",
              "code": "cy.searchRun({\n  text: 'בראשית ברא',\n  collection: 'תנ\"ך',\n  language: 'Hebrew'\n});\ncy.theFormOfTheText('ללא ניקוד');\ncy.get('[class=\"result-li\"]').first().should('contain', 'בראשית ברא');",
              "err": {},
              "uuid": "38a96ae0-ec14-4c1b-84dc-62a012d6d80a",
              "parentUUID": "8b7e07ec-16d7-48e5-b8d5-99d8807df91f",
              "isHook": false,
              "skipped": false
            },
            {
              "title": "With nikud",
              "fullTitle": "bible-search-tests With nikud",
              "timedOut": null,
              "duration": 17978,
              "state": "passed",
              "speed": "slow",
              "pass": true,
              "fail": false,
              "pending": false,
              "context": "\"videos/bible-search-tests.js.mp4\"",
              "code": "cy.searchRun({\n  text: 'בראשית ברא',\n  collection: 'תנ\"ך',\n  language: 'Hebrew'\n});\ncy.theFormOfTheText('עם ניקוד');\ncy.get('[class=\"result-li\"]').first().should('contain', 'בְּרֵאשִׁית בָּרָא');",
              "err": {},
              "uuid": "3adf8548-6d4a-4585-8281-4e3bc8bf48ee",
              "parentUUID": "8b7e07ec-16d7-48e5-b8d5-99d8807df91f",
              "isHook": false,
              "skipped": false
            },
            {
              "title": "With nikud and Taamim",
              "fullTitle": "bible-search-tests With nikud and Taamim",
              "timedOut": null,
              "duration": 3134,
              "state": "passed",
              "speed": "slow",
              "pass": true,
              "fail": false,
              "pending": false,
              "context": "\"videos/bible-search-tests.js.mp4\"",
              "code": "cy.searchRun({\n  text: 'בראשית ברא',\n  collection: 'תנ\"ך',\n  language: 'Hebrew'\n});\ncy.theFormOfTheText('ניקוד וטעמים');\ncy.get('[class=\"result-li\"]').first().should('contain', 'בְּרֵאשִׁ֖ית בָּרָ֣א');",
              "err": {},
              "uuid": "83ee7633-521d-443e-8449-ce3f0d6bacdc",
              "parentUUID": "8b7e07ec-16d7-48e5-b8d5-99d8807df91f",
              "isHook": false,
              "skipped": false
            },
            {
              "title": "Increasing the font",
              "fullTitle": "bible-search-tests Increasing the font",
              "timedOut": null,
              "duration": 8926,
              "state": "passed",
              "speed": "slow",
              "pass": true,
              "fail": false,
              "pending": false,
              "context": "\"videos/bible-search-tests.js.mp4\"",
              "code": "let fontSize;\ncy.searchRun({\n  text: 'בראשית ברא',\n  collection: 'תנ\"ך',\n  language: 'Hebrew'\n});\ncy.fontSize().then(size => {\n  fontSize = size;\n});\ncy.get('[class*=fa-search-plus]').click({\n  force: true\n});\ncy.fontSize().then(size => {\n  cy.wrap(size).should('be.gt', fontSize);\n});\ncy.get('[class*=fa-search-minus]').click({\n  force: true\n});",
              "err": {},
              "uuid": "15f89c32-a277-4c88-a522-d1e8d37859ca",
              "parentUUID": "8b7e07ec-16d7-48e5-b8d5-99d8807df91f",
              "isHook": false,
              "skipped": false
            },
            {
              "title": "Font reduction",
              "fullTitle": "bible-search-tests Font reduction",
              "timedOut": null,
              "duration": 29010,
              "state": "passed",
              "speed": "slow",
              "pass": true,
              "fail": false,
              "pending": false,
              "context": "\"videos/bible-search-tests.js.mp4\"",
              "code": "let fontSize;\ncy.searchRun({\n  text: 'בראשית ברא',\n  collection: 'תנ\"ך',\n  language: 'Hebrew'\n});\ncy.fontSize().then(size => {\n  fontSize = size;\n});\ncy.get('[class*=fa-search-minus]').click({\n  force: true\n});\ncy.fontSize().then(size => {\n  cy.wrap(size).should('be.lt', fontSize);\n});\ncy.get('[class*=fa-search-plus]').click({\n  force: true\n});",
              "err": {},
              "uuid": "45ac9567-7090-4038-8945-40994f1e3c49",
              "parentUUID": "8b7e07ec-16d7-48e5-b8d5-99d8807df91f",
              "isHook": false,
              "skipped": false
            },
            {
              "title": "10 results per page",
              "fullTitle": "bible-search-tests 10 results per page",
              "timedOut": null,
              "duration": 20065,
              "state": "passed",
              "speed": "slow",
              "pass": true,
              "fail": false,
              "pending": false,
              "context": "\"videos/bible-search-tests.js.mp4\"",
              "code": "cy.searchRun({\n  text: 'דוד',\n  collection: 'תנ\"ך',\n  language: 'Hebrew'\n});\ncy.numberOfResultInPage('10');\ncy.get('[class=\"result-li\"]').should('have.length', 10);",
              "err": {},
              "uuid": "f2a89b86-cd4f-45e9-8aff-46d6a281f2f4",
              "parentUUID": "8b7e07ec-16d7-48e5-b8d5-99d8807df91f",
              "isHook": false,
              "skipped": false
            },
            {
              "title": "50 results per page",
              "fullTitle": "bible-search-tests 50 results per page",
              "timedOut": null,
              "duration": 20598,
              "state": "passed",
              "speed": "slow",
              "pass": true,
              "fail": false,
              "pending": false,
              "context": "\"videos/bible-search-tests.js.mp4\"",
              "code": "cy.searchRun({\n  text: 'דוד',\n  collection: 'תנ\"ך',\n  language: 'Hebrew'\n});\ncy.numberOfResultInPage('50');\ncy.get('[class=\"result-li\"]').should('have.length', 50);",
              "err": {},
              "uuid": "317ea51b-1fa5-4a7f-8554-5f96066ea16e",
              "parentUUID": "8b7e07ec-16d7-48e5-b8d5-99d8807df91f",
              "isHook": false,
              "skipped": false
            },
            {
              "title": "100 results per page",
              "fullTitle": "bible-search-tests 100 results per page",
              "timedOut": null,
              "duration": 5322,
              "state": "passed",
              "speed": "slow",
              "pass": true,
              "fail": false,
              "pending": false,
              "context": "\"videos/bible-search-tests.js.mp4\"",
              "code": "cy.searchRun({\n  text: 'דוד',\n  collection: 'תנ\"ך',\n  language: 'Hebrew'\n});\ncy.numberOfResultInPage('100');\ncy.get('[class=\"result-li\"]').should('have.length', 100);",
              "err": {},
              "uuid": "465ad3b2-184b-414a-9675-318b53487bf6",
              "parentUUID": "8b7e07ec-16d7-48e5-b8d5-99d8807df91f",
              "isHook": false,
              "skipped": false
            },
            {
              "title": "HTML download",
              "fullTitle": "bible-search-tests HTML download",
              "timedOut": null,
              "duration": 5808,
              "state": "passed",
              "speed": "slow",
              "pass": true,
              "fail": false,
              "pending": false,
              "context": "\"videos/bible-search-tests.js.mp4\"",
              "code": "cy.searchRun({\n  text: 'יום השישי',\n  collection: 'תנ\"ך',\n  language: 'Hebrew'\n});\ncy.removeDownloadsFiles();\ncy.downloadFile({\n  type: 'HTML'\n}).then(() => {\n  cy.validateFile({\n    type: 'html',\n    resNum: 12,\n    collection: 'תנ\"ך'\n  });\n});",
              "err": {},
              "uuid": "98825d9b-f114-432c-926b-8d95cd799267",
              "parentUUID": "8b7e07ec-16d7-48e5-b8d5-99d8807df91f",
              "isHook": false,
              "skipped": false
            },
            {
              "title": "HTML download do not include the שמות קדושים",
              "fullTitle": "bible-search-tests HTML download do not include the שמות קדושים",
              "timedOut": null,
              "duration": 102860,
              "state": "failed",
              "speed": null,
              "pass": false,
              "fail": true,
              "pending": false,
              "context": "\"videos/bible-search-tests.js.mp4\"",
              "code": "cy.searchRun({\n  text: 'א-להים',\n  collection: 'תנ\"ך',\n  language: 'Hebrew'\n});\ncy.theFormOfTheText('עם ניקוד');\ncy.removeDownloadsFiles();\ncy.downloadFile({\n  type: 'HTML',\n  shemotKdoshim: true\n}).then(() => {\n  cy.fileDoesNotContain({\n    type: 'html',\n    text: 'אֱלֹהִים'\n  });\n});",
              "err": {
                "message": "CypressError: `cy.exec('npx rimraf cypress/downloads/*')` timed out after waiting `60000ms`.\n\nhttps://on.cypress.io/exec",
                "estack": "CypressError: `cy.exec('npx rimraf cypress/downloads/*')` timed out after waiting `60000ms`.\n\nhttps://on.cypress.io/exec\n    at https://search.dicta.org.il/__cypress/runner/cypress_runner.js:136961:26\n    at tryCatcher (https://search.dicta.org.il/__cypress/runner/cypress_runner.js:10791:23)\n    at https://search.dicta.org.il/__cypress/runner/cypress_runner.js:5913:41\n    at tryCatcher (https://search.dicta.org.il/__cypress/runner/cypress_runner.js:10791:23)\n    at Promise._settlePromiseFromHandler (https://search.dicta.org.il/__cypress/runner/cypress_runner.js:8726:31)\n    at Promise._settlePromise (https://search.dicta.org.il/__cypress/runner/cypress_runner.js:8783:18)\n    at Promise._settlePromise0 (https://search.dicta.org.il/__cypress/runner/cypress_runner.js:8828:10)\n    at Promise._settlePromises (https://search.dicta.org.il/__cypress/runner/cypress_runner.js:8904:18)\n    at _drainQueueStep (https://search.dicta.org.il/__cypress/runner/cypress_runner.js:5498:12)\n    at _drainQueue (https://search.dicta.org.il/__cypress/runner/cypress_runner.js:5491:9)\n    at Async.../../node_modules/bluebird/js/release/async.js.Async._drainQueues (https://search.dicta.org.il/__cypress/runner/cypress_runner.js:5507:5)\n    at Async.drainQueues (https://search.dicta.org.il/__cypress/runner/cypress_runner.js:5377:14)\nFrom Your Spec Code:\n    at Context.eval (https://search.dicta.org.il/__cypress/tests?p=cypress\\support\\index.js:4204:6)",
                "diff": null
              },
              "uuid": "beeaeb6b-dbc3-4dff-bb96-eb84837192d8",
              "parentUUID": "8b7e07ec-16d7-48e5-b8d5-99d8807df91f",
              "isHook": false,
              "skipped": false
            },
            {
              "title": "TXT download",
              "fullTitle": "bible-search-tests TXT download",
              "timedOut": null,
              "duration": 24492,
              "state": "passed",
              "speed": "slow",
              "pass": true,
              "fail": false,
              "pending": false,
              "context": "\"videos/bible-search-tests.js.mp4\"",
              "code": "cy.searchRun({\n  text: 'יום השישי',\n  collection: 'תנ\"ך',\n  language: 'Hebrew'\n});\ncy.removeDownloadsFiles();\ncy.downloadFile({\n  type: 'TXT'\n}).then(() => {\n  cy.validateFile({\n    type: 'txt',\n    resNum: 12,\n    collection: 'תנ\"ך'\n  });\n});",
              "err": {},
              "uuid": "2ad50c0c-9da1-4722-b978-89270079c556",
              "parentUUID": "8b7e07ec-16d7-48e5-b8d5-99d8807df91f",
              "isHook": false,
              "skipped": false
            },
            {
              "title": "TXT download do not include the שמות קדושים",
              "fullTitle": "bible-search-tests TXT download do not include the שמות קדושים",
              "timedOut": null,
              "duration": 24935,
              "state": "passed",
              "speed": "slow",
              "pass": true,
              "fail": false,
              "pending": false,
              "context": "\"videos/bible-search-tests.js.mp4\"",
              "code": "cy.searchRun({\n  text: 'א-להים',\n  collection: 'תנ\"ך',\n  language: 'Hebrew'\n});\ncy.theFormOfTheText('עם ניקוד');\ncy.removeDownloadsFiles();\ncy.downloadFile({\n  type: 'TXT',\n  shemotKdoshim: true\n}).then(() => {\n  cy.fileDoesNotContain({\n    type: 'txt',\n    text: 'אֱלֹהִים'\n  });\n});",
              "err": {},
              "uuid": "8fd6d45e-dfdd-49a6-bd60-be0aed712146",
              "parentUUID": "8b7e07ec-16d7-48e5-b8d5-99d8807df91f",
              "isHook": false,
              "skipped": false
            },
            {
              "title": "CSV download",
              "fullTitle": "bible-search-tests CSV download",
              "timedOut": null,
              "duration": 77048,
              "state": "passed",
              "speed": "slow",
              "pass": true,
              "fail": false,
              "pending": false,
              "context": "\"videos/bible-search-tests.js.mp4\"",
              "code": "cy.searchRun({\n  text: 'יום השישי',\n  collection: 'תנ\"ך',\n  language: 'Hebrew'\n});\ncy.removeDownloadsFiles();\ncy.downloadFile({\n  type: 'CSV'\n}).then(() => {\n  cy.validateFile({\n    type: 'csv',\n    resNum: 12,\n    collection: 'תנ\"ך'\n  });\n});",
              "err": {},
              "uuid": "7e20f2bb-550f-467b-af15-d5875f28a0b2",
              "parentUUID": "8b7e07ec-16d7-48e5-b8d5-99d8807df91f",
              "isHook": false,
              "skipped": false
            },
            {
              "title": "CSV download do not include the שמות קדושים",
              "fullTitle": "bible-search-tests CSV download do not include the שמות קדושים",
              "timedOut": null,
              "duration": 59525,
              "state": "passed",
              "speed": "slow",
              "pass": true,
              "fail": false,
              "pending": false,
              "context": "\"videos/bible-search-tests.js.mp4\"",
              "code": "cy.searchRun({\n  text: 'א-להים',\n  collection: 'תנ\"ך',\n  language: 'Hebrew'\n});\ncy.theFormOfTheText('עם ניקוד');\ncy.removeDownloadsFiles();\ncy.downloadFile({\n  type: 'CSV',\n  shemotKdoshim: true\n}).then(() => {\n  cy.fileDoesNotContain({\n    type: 'csv',\n    text: 'אֱלֹהִים'\n  });\n});",
              "err": {},
              "uuid": "d1d9b71e-86c3-4538-a4e8-e24fbdd3aeba",
              "parentUUID": "8b7e07ec-16d7-48e5-b8d5-99d8807df91f",
              "isHook": false,
              "skipped": false
            },
            {
              "title": "Word download",
              "fullTitle": "bible-search-tests Word download",
              "timedOut": null,
              "duration": 127267,
              "state": "passed",
              "speed": "slow",
              "pass": true,
              "fail": false,
              "pending": false,
              "context": "\"videos/bible-search-tests.js.mp4\"",
              "code": "cy.searchRun({\n  text: 'יום השישי',\n  collection: 'תנ\"ך',\n  language: 'Hebrew'\n});\ncy.removeDownloadsFiles();\ncy.downloadFile({\n  type: 'Word'\n}).then(() => {\n  //Convert file to html\n  cy.readFile('cypress/downloads/searchResults.docx').then(() => {\n    cy.exec('npm run searchResults-convert', {\n      failOnNonZeroExit: false\n    });\n    cy.validateFile({\n      type: 'html',\n      resNum: 12,\n      collection: 'תנ\"ך'\n    });\n  });\n});",
              "err": {},
              "uuid": "5a540f26-c604-4e25-b2c8-592476c5b16f",
              "parentUUID": "8b7e07ec-16d7-48e5-b8d5-99d8807df91f",
              "isHook": false,
              "skipped": false
            },
            {
              "title": "Word download do not include the שמות קדושים",
              "fullTitle": "bible-search-tests Word download do not include the שמות קדושים",
              "timedOut": null,
              "duration": 162742,
              "state": "passed",
              "speed": "slow",
              "pass": true,
              "fail": false,
              "pending": false,
              "context": "\"videos/bible-search-tests.js.mp4\"",
              "code": "cy.searchRun({\n  text: 'א-להים',\n  collection: 'תנ\"ך',\n  language: 'Hebrew'\n});\ncy.theFormOfTheText('עם ניקוד');\ncy.removeDownloadsFiles();\ncy.downloadFile({\n  type: 'Word',\n  shemotKdoshim: true\n}).then(() => {\n  //Convert file to html\n  cy.readFile('cypress/downloads/searchResults.docx').then(() => {\n    cy.exec('npm run searchResults-convert', {\n      failOnNonZeroExit: false\n    });\n    cy.fileDoesNotContain({\n      type: 'html',\n      text: 'אֱלֹהִים'\n    });\n  });\n});",
              "err": {},
              "uuid": "decced14-0349-4b59-88a0-f7da045ada58",
              "parentUUID": "8b7e07ec-16d7-48e5-b8d5-99d8807df91f",
              "isHook": false,
              "skipped": false
            }
          ],
          "suites": [],
          "passes": [
            "55177557-3a72-47be-b0d4-4ceab46e79cf",
            "d04943e6-9f96-45fb-a114-1ff36ee68936",
            "caecf8d0-01fd-420c-b5ce-eaf4be767705",
            "4656e855-65e4-435f-bec5-56b70a4a8e9e",
            "c9124368-43ef-4f15-baa4-4888a121b268",
            "80fb979f-6426-43f9-9f37-c2018bdca240",
            "7864893c-1ab6-4342-9e61-f692db4288c8",
            "044e0ff2-faef-410c-b9ec-788a9d56a932",
            "9f2d9c62-2ede-4104-9c39-bc6494f94eb7",
            "11e5342e-a3d2-4808-bff9-ed56bf789140",
            "dfa1d04f-78e8-40dd-b03a-027c22e14e8c",
            "2d7bb2b4-be60-43cd-add0-0594f7264677",
            "2fa068b9-451b-4964-a8ce-2f694142ca82",
            "cb7fea10-4e62-44d6-b1e2-b6de3a070db9",
            "e9f0f8fa-0bba-4757-9e38-2cc1f92f2b8d",
            "c627916e-ac01-433b-a91d-3cd838db0425",
            "7f99ef5c-c1dd-49a3-bd92-bb6ccf404784",
            "8e9c07d0-c2a7-43d9-a7d0-d7653f7d40c0",
            "fbc0228b-024d-4c8d-bcef-e829382a298d",
            "30616489-34e9-49fd-8969-ea903e4c4760",
            "d028d170-fd40-48b2-8fdf-566f743c0cd6",
            "23866f95-a98c-481d-9e71-4d4f90ab6853",
            "0acb71cc-e7d9-4632-8232-befcddca6675",
            "a953e276-d027-40ab-908f-66afcec076bb",
            "fdd6f531-a9de-4b4a-828c-3353c26ef1bf",
            "c650f1fc-d55e-4f28-a5a5-e1d5925f5756",
            "19d3c5b6-a17b-4d8d-b554-83fd99011a79",
            "38a96ae0-ec14-4c1b-84dc-62a012d6d80a",
            "3adf8548-6d4a-4585-8281-4e3bc8bf48ee",
            "83ee7633-521d-443e-8449-ce3f0d6bacdc",
            "15f89c32-a277-4c88-a522-d1e8d37859ca",
            "45ac9567-7090-4038-8945-40994f1e3c49",
            "f2a89b86-cd4f-45e9-8aff-46d6a281f2f4",
            "317ea51b-1fa5-4a7f-8554-5f96066ea16e",
            "465ad3b2-184b-414a-9675-318b53487bf6",
            "98825d9b-f114-432c-926b-8d95cd799267",
            "2ad50c0c-9da1-4722-b978-89270079c556",
            "8fd6d45e-dfdd-49a6-bd60-be0aed712146",
            "7e20f2bb-550f-467b-af15-d5875f28a0b2",
            "d1d9b71e-86c3-4538-a4e8-e24fbdd3aeba",
            "5a540f26-c604-4e25-b2c8-592476c5b16f",
            "decced14-0349-4b59-88a0-f7da045ada58"
          ],
          "failures": [
            "567fdc50-53c5-4c92-8298-0c5b6294bf8a",
            "47667dff-c9ca-4f05-acbd-dc0e0194fd2a",
            "beeaeb6b-dbc3-4dff-bb96-eb84837192d8"
          ],
          "pending": [],
          "skipped": [],
          "duration": 1831697,
          "root": false,
          "rootEmpty": false,
          "_timeout": 2000
        },
        {
          "uuid": "85c2f9eb-fee1-4301-9798-65e5cb3d368f",
          "title": "bible-search-tests",
          "fullFile": "",
          "file": "",
          "beforeHooks": [],
          "afterHooks": [],
          "tests": [
            {
              "title": "Each result contains at least one word form of each search word",
              "fullTitle": "bible-search-tests Each result contains at least one word form of each search word",
              "timedOut": null,
              "duration": 151471,
              "state": "passed",
              "speed": "slow",
              "pass": true,
              "fail": false,
              "pending": false,
              "context": "\"videos/bible-search-tests.js.mp4\"",
              "code": "cy.searchRun({\n  text: 'יום השישי',\n  collection: 'תנ\"ך',\n  language: 'Hebrew'\n});\ncy.theFormOfTheText('עם ניקוד');\ncy.showAllWordForms();\ncy.eachSelectedWordFormMatrix().then(selectedWordFormMatrix => {\n  //For the first word in the search has 12 words form\n  expect(selectedWordFormMatrix[0].length).eq(12); //For the second word in the search has 2 words form\n  expect(selectedWordFormMatrix[1].length).eq(2);\n  cy.resultPagination({\n    tests: 'wordForms',\n    data: selectedWordFormMatrix\n  });\n});",
              "err": {},
              "uuid": "1f202bc7-c399-436a-a8a3-54b9074ee7ec",
              "parentUUID": "85c2f9eb-fee1-4301-9798-65e5cb3d368f",
              "isHook": false,
              "skipped": false
            },
            {
              "title": "Removal of word form",
              "fullTitle": "bible-search-tests Removal of word form",
              "timedOut": null,
              "duration": 75205,
              "state": "passed",
              "speed": "slow",
              "pass": true,
              "fail": false,
              "pending": false,
              "context": "\"videos/bible-search-tests.js.mp4\"",
              "code": "cy.searchRun({\n  text: 'יום השישי',\n  collection: 'תנ\"ך',\n  language: 'Hebrew'\n});\ncy.theFormOfTheText('עם ניקוד');\ncy.showAllWordForms(); //The number in the top has 12\ncy.get('.f > span > :nth-child(2)').should('contain', 12); //Removal of בַּיֹּום\ncy.get('li').contains('בַּיּוֹם').within(() => {\n  cy.get('[type=\"checkbox\"]').uncheck({\n    force: true\n  });\n});\ncy.get('[class*=\"loader\"]').should('not.exist'); //The number in the top has 11\ncy.get('.f > span > :nth-child(2)').should('contain', 11);\ncy.eachSelectedWordFormMatrix().then(selectedWordFormMatrix => {\n  //For the first word in the search has 11 words form    \n  expect(selectedWordFormMatrix[0].length).eq(11); //For the second word in the search has 2 words form\n  expect(selectedWordFormMatrix[1].length).eq(2);\n  cy.resultPagination({\n    tests: 'wordForms',\n    data: selectedWordFormMatrix\n  });\n}); //Check of בַּיֹּום\ncy.get('li').contains('בַּיּוֹם').within(() => {\n  cy.get('[type=\"checkbox\"]').check({\n    force: true\n  });\n});",
              "err": {},
              "uuid": "13d5a278-09d4-454f-9f7b-46971fbe8cd2",
              "parentUUID": "85c2f9eb-fee1-4301-9798-65e5cb3d368f",
              "isHook": false,
              "skipped": false
            },
            {
              "title": "Each word form appears in the results as the number of times it has been written next to word form",
              "fullTitle": "bible-search-tests Each word form appears in the results as the number of times it has been written next to word form",
              "timedOut": null,
              "duration": 420516,
              "state": "passed",
              "speed": "slow",
              "pass": true,
              "fail": false,
              "pending": false,
              "context": "\"videos/bible-search-tests.js.mp4\"",
              "code": "cy.searchRun({\n  text: 'צבי',\n  collection: 'תנ\"ך',\n  language: 'Hebrew'\n});\ncy.theFormOfTheText('עם ניקוד');\ncy.showAllWordForms();\ncy.wordFormsWithNumberOfAppearances();",
              "err": {},
              "uuid": "d742f739-e61f-4cbd-95b5-de9d7cbf6a0e",
              "parentUUID": "85c2f9eb-fee1-4301-9798-65e5cb3d368f",
              "isHook": false,
              "skipped": false
            },
            {
              "title": "A pair of words that come one after the other",
              "fullTitle": "bible-search-tests A pair of words that come one after the other",
              "timedOut": null,
              "duration": 13467,
              "state": "failed",
              "speed": null,
              "pass": false,
              "fail": true,
              "pending": false,
              "context": "\"videos/bible-search-tests.js.mp4\"",
              "code": "cy.searchRun({\n  text: 'שלום בית',\n  collection: 'תנ\"ך',\n  language: 'Hebrew'\n});\ncy.theFormOfTheText('עם ניקוד'); //Number of results\ncy.get('.f > span > :nth-child(2)').then($numberOfResults => {\n  expect(parseInt($numberOfResults.text())).to.eq(116);\n});\ncy.visit('/');\ncy.searchRun({\n  text: '\"שלום בית\"',\n  collection: 'תנ\"ך',\n  language: 'Hebrew'\n});\ncy.theFormOfTheText('עם ניקוד'); //Number of results\ncy.get('.f > span > :nth-child(2)').then($numberOfResults => {\n  expect(parseInt($numberOfResults.text())).to.eq(2);\n}).then(() => {\n  cy.showAllWordForms(); //Wait for word forms to update \n  cy.get('[class=\"control control--checkbox\"]').should('have.length', 7);\n  cy.consecutiveWordsFormsArray().then(consecutiveWordFormsArray => {\n    cy.log(consecutiveWordFormsArray[8]);\n    cy.resultPagination({\n      tests: 'wordFormsConsecutive',\n      data: consecutiveWordFormsArray\n    });\n  });\n});",
              "err": {
                "message": "CypressError: `cy.visit()` failed because you are attempting to visit a URL that is of a different origin.\n\nThe new URL is considered a different origin because the following parts of the URL are different:\n\n  > superdomain\n\nYou may only `cy.visit()` same-origin URLs within a single test.\n\nThe previous URL you visited was:\n\n  > 'https://search.dicta.org.il'\n\nYou're attempting to visit this URL:\n\n  > 'https://multisearch-2-dev--cranky-banach-377068.netlify.app'\n\nYou may need to restructure some of your test code to avoid this problem.\n\nhttps://on.cypress.io/cannot-visit-different-origin-domain",
                "estack": "CypressError: `cy.visit()` failed because you are attempting to visit a URL that is of a different origin.\n\nThe new URL is considered a different origin because the following parts of the URL are different:\n\n  > superdomain\n\nYou may only `cy.visit()` same-origin URLs within a single test.\n\nThe previous URL you visited was:\n\n  > 'https://search.dicta.org.il'\n\nYou're attempting to visit this URL:\n\n  > 'https://multisearch-2-dev--cranky-banach-377068.netlify.app'\n\nYou may need to restructure some of your test code to avoid this problem.\n\nhttps://on.cypress.io/cannot-visit-different-origin-domain\n    at cannotVisitDifferentOrigin (https://search.dicta.org.il/__cypress/runner/cypress_runner.js:137639:13)\n    at go (https://search.dicta.org.il/__cypress/runner/cypress_runner.js:138425:18)\n    at visit (https://search.dicta.org.il/__cypress/runner/cypress_runner.js:138613:16)\n    at Context.visit (https://search.dicta.org.il/__cypress/runner/cypress_runner.js:138616:14)\nFrom Your Spec Code:\n    at Context.eval (https://search.dicta.org.il/__cypress/tests?p=cypress\\integration\\bible-search-tests.js:716:9)",
                "diff": null
              },
              "uuid": "9266ec5d-e7f7-4144-b843-a2e0773c02b2",
              "parentUUID": "85c2f9eb-fee1-4301-9798-65e5cb3d368f",
              "isHook": false,
              "skipped": false
            },
            {
              "title": "Each result contains the specific word",
              "fullTitle": "bible-search-tests Each result contains the specific word",
              "timedOut": null,
              "duration": 12810,
              "state": "passed",
              "speed": "slow",
              "pass": true,
              "fail": false,
              "pending": false,
              "context": "\"videos/bible-search-tests.js.mp4\"",
              "code": "cy.searchRun({\n  text: 'לַאֲרָיוֹת',\n  collection: 'תנ\"ך',\n  language: 'Hebrew'\n});\ncy.theFormOfTheText('עם ניקוד');\ncy.resultPagination({\n  tests: 'specific search',\n  data: 'לַאֲרָיוֹת'\n});",
              "err": {},
              "uuid": "1aaf01ad-b8b8-4c93-892b-a54fa7b57509",
              "parentUUID": "85c2f9eb-fee1-4301-9798-65e5cb3d368f",
              "isHook": false,
              "skipped": false
            },
            {
              "title": "Each book appears in the results as the number of times it has been written next to book",
              "fullTitle": "bible-search-tests Each book appears in the results as the number of times it has been written next to book",
              "timedOut": null,
              "duration": 50290,
              "state": "passed",
              "speed": "slow",
              "pass": true,
              "fail": false,
              "pending": false,
              "context": "\"videos/bible-search-tests.js.mp4\"",
              "code": "cy.searchRun({\n  text: 'יום השישי',\n  collection: 'תנ\"ך',\n  language: 'Hebrew'\n});\ncy.theFormOfTheText('עם ניקוד');\ncy.showBooks();\ncy.selectedBooksMap().then(selectedBooks => {\n  //Number of books is 7    \n  expect(selectedBooks.size).eq(7);\n  cy.resultPagination({\n    tests: 'books',\n    data: selectedBooks\n  });\n});",
              "err": {},
              "uuid": "2695f8e4-785f-42df-9f21-8b6a2a4a0d20",
              "parentUUID": "85c2f9eb-fee1-4301-9798-65e5cb3d368f",
              "isHook": false,
              "skipped": false
            },
            {
              "title": "Removal of book",
              "fullTitle": "bible-search-tests Removal of book",
              "timedOut": null,
              "duration": 33627,
              "state": "passed",
              "speed": "slow",
              "pass": true,
              "fail": false,
              "pending": false,
              "context": "\"videos/bible-search-tests.js.mp4\"",
              "code": "cy.searchRun({\n  text: 'יום השישי',\n  collection: 'תנ\"ך',\n  language: 'Hebrew'\n});\ncy.theFormOfTheText('עם ניקוד');\ncy.showBooks(); //remove book שמות\ncy.get('[class=\"slide-li\"]').contains('ספר שמות').within(() => {\n  cy.get('[type=\"checkbox\"]').uncheck({\n    force: true\n  });\n  cy.get('[type=\"checkbox\"]').should('not.be.checked');\n});\ncy.selectedBooksMap().then(selectedBooks => {\n  //Number of books is 6\n  expect(selectedBooks.size).eq(6);\n  cy.resultPagination({\n    tests: 'books',\n    data: selectedBooks\n  });\n});",
              "err": {},
              "uuid": "89bcb518-a6ee-4479-a738-aacf5dba0cc5",
              "parentUUID": "85c2f9eb-fee1-4301-9798-65e5cb3d368f",
              "isHook": false,
              "skipped": false
            },
            {
              "title": "Removal of collection",
              "fullTitle": "bible-search-tests Removal of collection",
              "timedOut": null,
              "duration": 31342,
              "state": "passed",
              "speed": "slow",
              "pass": true,
              "fail": false,
              "pending": false,
              "context": "\"videos/bible-search-tests.js.mp4\"",
              "code": "cy.searchRun({\n  text: 'יום השישי',\n  collection: 'תנ\"ך',\n  language: 'Hebrew'\n});\ncy.theFormOfTheText('עם ניקוד');\ncy.showBooks(); //remove collection תורה\ncy.get('span').contains('תורה').parent('a').siblings('[class*=\"inner-accordion-content\"]').within(() => {\n  cy.get('[class*=\"selectAll\"]').within(() => {\n    cy.get('[type=\"checkbox\"]').uncheck({\n      force: true\n    });\n    cy.get('[type=\"checkbox\"]').should('not.be.checked');\n  });\n});\ncy.selectedBooksMap().then(selectedBooks => {\n  //Number of books is 4\n  expect(selectedBooks.size).eq(4);\n  cy.resultPagination({\n    tests: 'books',\n    data: selectedBooks\n  });\n});",
              "err": {},
              "uuid": "be61bf88-54a3-4e79-be47-5aa04b6d22e6",
              "parentUUID": "85c2f9eb-fee1-4301-9798-65e5cb3d368f",
              "isHook": false,
              "skipped": false
            },
            {
              "title": "Each result has at least one meaning of each search word",
              "fullTitle": "bible-search-tests Each result has at least one meaning of each search word",
              "timedOut": null,
              "duration": 293482,
              "state": "passed",
              "speed": "slow",
              "pass": true,
              "fail": false,
              "pending": false,
              "context": "\"videos/bible-search-tests.js.mp4\"",
              "code": "cy.searchRun({\n  text: 'יום השישי',\n  collection: 'תנ\"ך',\n  language: 'Hebrew'\n});\ncy.theFormOfTheText('עם ניקוד');\ncy.showMeaningsAndSynonyms();\ncy.eachSelectedMeaningsAndSynonymsMatrix().then(meaningsAndSynonymsMatrix => {\n  cy.resultPagination({\n    tests: 'selectedMeaningsAndSynonyms',\n    data: meaningsAndSynonymsMatrix\n  });\n});",
              "err": {},
              "uuid": "ddcc386d-e4f6-47db-ba7c-6f44da43a26b",
              "parentUUID": "85c2f9eb-fee1-4301-9798-65e5cb3d368f",
              "isHook": false,
              "skipped": false
            },
            {
              "title": "Each meaning appears in the results as the number of times it has been written next to meaning",
              "fullTitle": "bible-search-tests Each meaning appears in the results as the number of times it has been written next to meaning",
              "timedOut": null,
              "duration": 164047,
              "state": "passed",
              "speed": "slow",
              "pass": true,
              "fail": false,
              "pending": false,
              "context": "\"videos/bible-search-tests.js.mp4\"",
              "code": "cy.searchRun({\n  text: 'הבל הבלים',\n  collection: 'תנ\"ך',\n  language: 'Hebrew'\n});\ncy.theFormOfTheText('עם ניקוד');\ncy.showMeaningsAndSynonyms();\ncy.eachMeaningTests();",
              "err": {},
              "uuid": "385bae53-49dc-4fd1-a717-58e8de8b3f65",
              "parentUUID": "85c2f9eb-fee1-4301-9798-65e5cb3d368f",
              "isHook": false,
              "skipped": false
            },
            {
              "title": "Each meaning and synonym appears in the results as the number of times it has been written next to meaning",
              "fullTitle": "bible-search-tests Each meaning and synonym appears in the results as the number of times it has been written next to meaning",
              "timedOut": null,
              "duration": 330209,
              "state": "passed",
              "speed": "slow",
              "pass": true,
              "fail": false,
              "pending": false,
              "context": "\"videos/bible-search-tests.js.mp4\"",
              "code": "cy.searchRun({\n  text: 'הבל הבלים',\n  collection: 'תנ\"ך',\n  language: 'Hebrew'\n});\ncy.theFormOfTheText('עם ניקוד');\ncy.showMeaningsAndSynonyms();\ncy.synonymsTests();",
              "err": {},
              "uuid": "ba263e84-4b64-40d1-93f2-ae799387db4d",
              "parentUUID": "85c2f9eb-fee1-4301-9798-65e5cb3d368f",
              "isHook": false,
              "skipped": false
            },
            {
              "title": "Each result has at least one meaning or synonym of each search word",
              "fullTitle": "bible-search-tests Each result has at least one meaning or synonym of each search word",
              "timedOut": null,
              "duration": 410182,
              "state": "passed",
              "speed": "slow",
              "pass": true,
              "fail": false,
              "pending": false,
              "context": "\"videos/bible-search-tests.js.mp4\"",
              "code": "let numberOfResults;\ncy.searchRun({\n  text: 'צבי',\n  collection: 'תנ\"ך',\n  language: 'Hebrew'\n});\ncy.theFormOfTheText('עם ניקוד'); //num of results befor synonyms\ncy.get('.f > span > :nth-child(2)').then($numberOfResults => {\n  numberOfResults = parseInt($numberOfResults.text());\n}).then(() => {\n  cy.showMeaningsAndSynonyms();\n  cy.selectSynonym('עֹפֶר');\n  cy.selectSynonym('צָבָא');\n}).then(() => {\n  //num of results after synonyms\n  cy.get('.f > span > :nth-child(2)').then($numberOfResults => {\n    expect(parseInt($numberOfResults.text())).to.greaterThan(numberOfResults);\n  });\n}).then(() => {\n  cy.eachSelectedMeaningsAndSynonymsMatrix().then(meaningsAndSynonymsMatrix => {\n    cy.resultPagination({\n      tests: 'selectedMeaningsAndSynonyms',\n      data: meaningsAndSynonymsMatrix\n    });\n  });\n});",
              "err": {},
              "uuid": "ae300e67-0da2-4e3f-98b6-bb94e3baec5b",
              "parentUUID": "85c2f9eb-fee1-4301-9798-65e5cb3d368f",
              "isHook": false,
              "skipped": false
            },
            {
              "title": "Removal of meaning",
              "fullTitle": "bible-search-tests Removal of meaning",
              "timedOut": null,
              "duration": 826687,
              "state": "passed",
              "speed": "slow",
              "pass": true,
              "fail": false,
              "pending": false,
              "context": "\"videos/bible-search-tests.js.mp4\"",
              "code": "cy.searchRun({\n  text: 'אריה',\n  collection: 'תנ\"ך',\n  language: 'Hebrew'\n});\ncy.theFormOfTheText('עם ניקוד');\ncy.showMeaningsAndSynonyms(); //cy.intercept('**').as('requests')\ncy.get('li[class=\"slide-li\"]').contains('אֲרִי').within(() => {\n  cy.get('[type=\"checkbox\"]').uncheck({\n    force: true\n  });\n  cy.get('[type=\"checkbox\"]').should('not.be.checked');\n}).then(() => {\n  cy.get('[class*=\"loader\"]').should('not.exist'); //Check meanings update\n  cy.get('[class*=\"collapse-btn\"]').first().click({\n    force: true\n  }).then(() => {\n    cy.get('[class=\"description-text\"]').should('have.length', 15);\n  });\n  cy.get('[class*=\"collapse-btn\"]').first().click({\n    force: true\n  });\n  cy.eachSelectedMeaningsAndSynonymsMatrix().then(meaningsAndSynonymsMatrix => {\n    cy.resultPagination({\n      tests: 'selectedMeaningsAndSynonyms',\n      data: meaningsAndSynonymsMatrix\n    });\n  });\n});",
              "err": {},
              "uuid": "ababf47e-68b2-43e2-8c5f-7dd238cb7202",
              "parentUUID": "85c2f9eb-fee1-4301-9798-65e5cb3d368f",
              "isHook": false,
              "skipped": false
            },
            {
              "title": "No meanings but there are synonyms",
              "fullTitle": "bible-search-tests No meanings but there are synonyms",
              "timedOut": null,
              "duration": 105455,
              "state": "passed",
              "speed": "slow",
              "pass": true,
              "fail": false,
              "pending": false,
              "context": "\"videos/bible-search-tests.js.mp4\"",
              "code": "cy.searchRun({\n  text: 'ששון חדווה',\n  collection: 'תנ\"ך',\n  language: 'Hebrew'\n});\ncy.theFormOfTheText('עם ניקוד'); //Results not exist\ncy.get('[class=\"result-list\"]').should('not.exist').then(() => {\n  cy.showMeaningsAndSynonyms(); //Select synonyms of the word\n  cy.get('[class=\"inner-ul\"]').first().next().within(() => {\n    cy.selectSynonym('רִנָּה');\n    cy.selectSynonym('גִּילָה');\n  }); // cy.get('span[class=\"f-narkis\"]').contains('שָׂשֹׂון').siblings('[class=\"text-numbers\"]')\n  // .should('contain','(6)')\n}).then(() => {\n  //The number in the top has 6\n  cy.get('.f > span > :nth-child(2)').then($numberOfResults => {\n    expect(parseInt($numberOfResults.text())).to.eq(6);\n  });\n});\ncy.eachSelectedMeaningsAndSynonymsMatrix().then(meaningsAndSynonymsMatrix => {\n  cy.resultPagination({\n    tests: 'selectedMeaningsAndSynonyms',\n    data: meaningsAndSynonymsMatrix\n  });\n});",
              "err": {},
              "uuid": "5bdd2b43-d8c6-4f26-9da7-2ba4670178bd",
              "parentUUID": "85c2f9eb-fee1-4301-9798-65e5cb3d368f",
              "isHook": false,
              "skipped": false
            },
            {
              "title": "Search with root words",
              "fullTitle": "bible-search-tests Search with root words",
              "timedOut": null,
              "duration": 182888,
              "state": "passed",
              "speed": "slow",
              "pass": true,
              "fail": false,
              "pending": false,
              "context": "\"videos/bible-search-tests.js.mp4\"",
              "code": "cy.searchRun({\n  text: 'ברא',\n  collection: 'תנ\"ך',\n  language: 'Hebrew'\n});\ncy.theFormOfTheText('עם ניקוד');\ncy.existsInResult('וַיִּבְרָא');",
              "err": {},
              "uuid": "184df7f4-0315-440c-9d62-56a376e545f2",
              "parentUUID": "85c2f9eb-fee1-4301-9798-65e5cb3d368f",
              "isHook": false,
              "skipped": false
            },
            {
              "title": "search full spelling and also get partial spelling results",
              "fullTitle": "bible-search-tests search full spelling and also get partial spelling results",
              "timedOut": null,
              "duration": 246204,
              "state": "passed",
              "speed": "slow",
              "pass": true,
              "fail": false,
              "pending": false,
              "context": "\"videos/bible-search-tests.js.mp4\"",
              "code": "cy.searchRun({\n  text: 'דָּוִיד',\n  collection: 'תנ\"ך',\n  language: 'Hebrew'\n});\ncy.theFormOfTheText('עם ניקוד');\ncy.existsInResult('דָוִד');",
              "err": {},
              "uuid": "1f62475a-7552-41b1-a000-fda46ac91597",
              "parentUUID": "85c2f9eb-fee1-4301-9798-65e5cb3d368f",
              "isHook": false,
              "skipped": false
            },
            {
              "title": "search partial spelling and also get full spelling results",
              "fullTitle": "bible-search-tests search partial spelling and also get full spelling results",
              "timedOut": null,
              "duration": 150234,
              "state": "passed",
              "speed": "slow",
              "pass": true,
              "fail": false,
              "pending": false,
              "context": "\"videos/bible-search-tests.js.mp4\"",
              "code": "cy.searchRun({\n  text: 'דָוִד',\n  collection: 'תנ\"ך',\n  language: 'Hebrew'\n});\ncy.theFormOfTheText('עם ניקוד');\ncy.existsInResult('דָּוִיד');",
              "err": {},
              "uuid": "53714d78-5a15-4ff0-9895-89bd9bc77f6c",
              "parentUUID": "85c2f9eb-fee1-4301-9798-65e5cb3d368f",
              "isHook": false,
              "skipped": false
            },
            {
              "title": "Different suffixes second person that does not end with \"ה\"",
              "fullTitle": "bible-search-tests Different suffixes second person that does not end with \"ה\"",
              "timedOut": null,
              "duration": 107215,
              "state": "passed",
              "speed": "slow",
              "pass": true,
              "fail": false,
              "pending": false,
              "context": "\"videos/bible-search-tests.js.mp4\"",
              "code": "cy.searchRun({\n  text: 'אֹותְךָ',\n  collection: 'תנ\"ך',\n  language: 'Hebrew'\n});\ncy.theFormOfTheText('עם ניקוד');\ncy.existsInResult('אֹתְכָה');",
              "err": {},
              "uuid": "a4e07da1-82b5-42cb-8aba-b0e020cf11c6",
              "parentUUID": "85c2f9eb-fee1-4301-9798-65e5cb3d368f",
              "isHook": false,
              "skipped": false
            },
            {
              "title": "Different suffixes second person, female that does not end with \"ה\"",
              "fullTitle": "bible-search-tests Different suffixes second person, female that does not end with \"ה\"",
              "timedOut": null,
              "duration": 19096,
              "state": "passed",
              "speed": "slow",
              "pass": true,
              "fail": false,
              "pending": false,
              "context": "\"videos/bible-search-tests.js.mp4\"",
              "code": "cy.searchRun({\n  text: 'גַּרְתָּ',\n  collection: 'תנ\"ך',\n  language: 'Hebrew'\n});\ncy.theFormOfTheText('עם ניקוד');\ncy.existsInResult('גַּרְתָּה');",
              "err": {},
              "uuid": "d8ec7552-64b7-4780-95bc-54489ebbcfe7",
              "parentUUID": "85c2f9eb-fee1-4301-9798-65e5cb3d368f",
              "isHook": false,
              "skipped": false
            },
            {
              "title": "Different suffixes third person that does not end with \"ה\"",
              "fullTitle": "bible-search-tests Different suffixes third person that does not end with \"ה\"",
              "timedOut": null,
              "duration": 28905,
              "state": "passed",
              "speed": "slow",
              "pass": true,
              "fail": false,
              "pending": false,
              "context": "\"videos/bible-search-tests.js.mp4\"",
              "code": "cy.searchRun({\n  text: 'כֻּלֹּו',\n  collection: 'תנ\"ך',\n  language: 'Hebrew'\n});\ncy.theFormOfTheText('עם ניקוד');\ncy.existsInResult('כֻּלֹּה');",
              "err": {},
              "uuid": "bceefd4c-e80a-434d-9b9e-c1c2946b9518",
              "parentUUID": "85c2f9eb-fee1-4301-9798-65e5cb3d368f",
[...]
              "code": "cy.searchRun({\n  text: 'בראשית ברא',\n  collection: 'תנ\"ך',\n  language: 'Hebrew'\n});\ncy.theFormOfTheText('ניקוד וטעמים');\ncy.get('[class=\"result-li\"]').first().should('contain', 'בְּרֵאשִׁ֖ית בָּרָ֣א');",
              "err": {},
              "uuid": "c551a106-6923-458c-842c-8c306bbbae4f",
              "parentUUID": "85c2f9eb-fee1-4301-9798-65e5cb3d368f",
              "isHook": false,
              "skipped": false
            },
            {
              "title": "Increasing the font",
              "fullTitle": "bible-search-tests Increasing the font",
              "timedOut": null,
              "duration": 8277,
              "state": "passed",
              "speed": "slow",
              "pass": true,
              "fail": false,
              "pending": false,
              "context": "\"videos/bible-search-tests.js.mp4\"",
              "code": "let fontSize;\ncy.searchRun({\n  text: 'בראשית ברא',\n  collection: 'תנ\"ך',\n  language: 'Hebrew'\n});\ncy.fontSize().then(size => {\n  fontSize = size;\n});\ncy.get('[class*=fa-search-plus]').click({\n  force: true\n});\ncy.fontSize().then(size => {\n  cy.wrap(size).should('be.gt', fontSize);\n});\ncy.get('[class*=fa-search-minus]').click({\n  force: true\n});",
              "err": {},
              "uuid": "997853f4-7330-4c3a-ae6d-f025dec2dfab",
              "parentUUID": "85c2f9eb-fee1-4301-9798-65e5cb3d368f",
              "isHook": false,
              "skipped": false
            },
            {
              "title": "Font reduction",
              "fullTitle": "bible-search-tests Font reduction",
              "timedOut": null,
              "duration": 6868,
              "state": "passed",
              "speed": "slow",
              "pass": true,
              "fail": false,
              "pending": false,
              "context": "\"videos/bible-search-tests.js.mp4\"",
              "code": "let fontSize;\ncy.searchRun({\n  text: 'בראשית ברא',\n  collection: 'תנ\"ך',\n  language: 'Hebrew'\n});\ncy.fontSize().then(size => {\n  fontSize = size;\n});\ncy.get('[class*=fa-search-minus]').click({\n  force: true\n});\ncy.fontSize().then(size => {\n  cy.wrap(size).should('be.lt', fontSize);\n});\ncy.get('[class*=fa-search-plus]').click({\n  force: true\n});",
              "err": {},
              "uuid": "ef2ec6cf-47b6-4369-9482-0878ca671bab",
              "parentUUID": "85c2f9eb-fee1-4301-9798-65e5cb3d368f",
              "isHook": false,
              "skipped": false
            },
            {
              "title": "10 results per page",
              "fullTitle": "bible-search-tests 10 results per page",
              "timedOut": null,
              "duration": 6760,
              "state": "passed",
              "speed": "slow",
              "pass": true,
              "fail": false,
              "pending": false,
              "context": "\"videos/bible-search-tests.js.mp4\"",
              "code": "cy.searchRun({\n  text: 'דוד',\n  collection: 'תנ\"ך',\n  language: 'Hebrew'\n});\ncy.numberOfResultInPage('10');\ncy.get('[class=\"result-li\"]').should('have.length', 10);",
              "err": {},
              "uuid": "8c26139c-4529-417d-b91c-6327444ab105",
              "parentUUID": "85c2f9eb-fee1-4301-9798-65e5cb3d368f",
              "isHook": false,
              "skipped": false
            },
            {
              "title": "50 results per page",
              "fullTitle": "bible-search-tests 50 results per page",
              "timedOut": null,
              "duration": 9553,
              "state": "passed",
              "speed": "slow",
              "pass": true,
              "fail": false,
              "pending": false,
              "context": "\"videos/bible-search-tests.js.mp4\"",
              "code": "cy.searchRun({\n  text: 'דוד',\n  collection: 'תנ\"ך',\n  language: 'Hebrew'\n});\ncy.numberOfResultInPage('50');\ncy.get('[class=\"result-li\"]').should('have.length', 50);",
              "err": {},
              "uuid": "9cc59af2-e82e-4f26-b3a6-33098bb968c2",
              "parentUUID": "85c2f9eb-fee1-4301-9798-65e5cb3d368f",
              "isHook": false,
              "skipped": false
            },
            {
              "title": "100 results per page",
              "fullTitle": "bible-search-tests 100 results per page",
              "timedOut": null,
              "duration": 13480,
              "state": "passed",
              "speed": "slow",
              "pass": true,
              "fail": false,
              "pending": false,
              "context": "\"videos/bible-search-tests.js.mp4\"",
              "code": "cy.searchRun({\n  text: 'דוד',\n  collection: 'תנ\"ך',\n  language: 'Hebrew'\n});\ncy.numberOfResultInPage('100');\ncy.get('[class=\"result-li\"]').should('have.length', 100);",
              "err": {},
              "uuid": "6a6bc967-e9e1-49dd-9af1-fb007df09bfd",
              "parentUUID": "85c2f9eb-fee1-4301-9798-65e5cb3d368f",
              "isHook": false,
              "skipped": false
            },
            {
              "title": "HTML download",
              "fullTitle": "bible-search-tests HTML download",
              "timedOut": null,
              "duration": 15304,
              "state": "passed",
              "speed": "slow",
              "pass": true,
              "fail": false,
              "pending": false,
              "context": "\"videos/bible-search-tests.js.mp4\"",
              "code": "cy.searchRun({\n  text: 'יום השישי',\n  collection: 'תנ\"ך',\n  language: 'Hebrew'\n});\ncy.removeDownloadsFiles();\ncy.downloadFile({\n  type: 'HTML'\n}).then(() => {\n  cy.validateFile({\n    type: 'html',\n    resNum: 12,\n    collection: 'תנ\"ך'\n  });\n});",
              "err": {},
              "uuid": "e3483ee9-1c6d-4c16-97b9-38bdcf9aa970",
              "parentUUID": "85c2f9eb-fee1-4301-9798-65e5cb3d368f",
              "isHook": false,
              "skipped": false
            },
            {
              "title": "HTML download do not include the שמות קדושים",
              "fullTitle": "bible-search-tests HTML download do not include the שמות קדושים",
              "timedOut": null,
              "duration": 28511,
              "state": "passed",
              "speed": "slow",
              "pass": true,
              "fail": false,
              "pending": false,
              "context": "\"videos/bible-search-tests.js.mp4\"",
              "code": "cy.searchRun({\n  text: 'א-להים',\n  collection: 'תנ\"ך',\n  language: 'Hebrew'\n});\ncy.theFormOfTheText('עם ניקוד');\ncy.removeDownloadsFiles();\ncy.downloadFile({\n  type: 'HTML',\n  shemotKdoshim: true\n}).then(() => {\n  cy.fileDoesNotContain({\n    type: 'html',\n    text: 'אֱלֹהִים'\n  });\n});",
              "err": {},
              "uuid": "e338274b-e3c7-4037-8a12-45ecd068c124",
              "parentUUID": "85c2f9eb-fee1-4301-9798-65e5cb3d368f",
              "isHook": false,
              "skipped": false
            },
            {
              "title": "TXT download",
              "fullTitle": "bible-search-tests TXT download",
              "timedOut": null,
              "duration": 32225,
              "state": "passed",
              "speed": "slow",
              "pass": true,
              "fail": false,
              "pending": false,
              "context": "\"videos/bible-search-tests.js.mp4\"",
              "code": "cy.searchRun({\n  text: 'יום השישי',\n  collection: 'תנ\"ך',\n  language: 'Hebrew'\n});\ncy.removeDownloadsFiles();\ncy.downloadFile({\n  type: 'TXT'\n}).then(() => {\n  cy.validateFile({\n    type: 'txt',\n    resNum: 12,\n    collection: 'תנ\"ך'\n  });\n});",
              "err": {},
              "uuid": "b98580da-026a-480d-abf8-871cab9d4e59",
              "parentUUID": "85c2f9eb-fee1-4301-9798-65e5cb3d368f",
              "isHook": false,
              "skipped": false
            },
            {
              "title": "TXT download do not include the שמות קדושים",
              "fullTitle": "bible-search-tests TXT download do not include the שמות קדושים",
              "timedOut": null,
              "duration": 33373,
              "state": "passed",
              "speed": "slow",
              "pass": true,
              "fail": false,
              "pending": false,
              "context": "\"videos/bible-search-tests.js.mp4\"",
              "code": "cy.searchRun({\n  text: 'א-להים',\n  collection: 'תנ\"ך',\n  language: 'Hebrew'\n});\ncy.theFormOfTheText('עם ניקוד');\ncy.removeDownloadsFiles();\ncy.downloadFile({\n  type: 'TXT',\n  shemotKdoshim: true\n}).then(() => {\n  cy.fileDoesNotContain({\n    type: 'txt',\n    text: 'אֱלֹהִים'\n  });\n});",
              "err": {},
              "uuid": "fcd2a323-d741-4e95-a0a5-2353f2dec3fd",
              "parentUUID": "85c2f9eb-fee1-4301-9798-65e5cb3d368f",
              "isHook": false,
              "skipped": false
            },
            {
              "title": "CSV download",
              "fullTitle": "bible-search-tests CSV download",
              "timedOut": null,
              "duration": 144240,
              "state": "failed",
              "speed": null,
              "pass": false,
              "fail": true,
              "pending": false,
              "context": "\"videos/bible-search-tests.js.mp4\"",
              "code": "cy.searchRun({\n  text: 'יום השישי',\n  collection: 'תנ\"ך',\n  language: 'Hebrew'\n});\ncy.removeDownloadsFiles();\ncy.downloadFile({\n  type: 'CSV'\n}).then(() => {\n  cy.validateFile({\n    type: 'csv',\n    resNum: 12,\n    collection: 'תנ\"ך'\n  });\n});",
              "err": {
                "message": "CypressError: `cy.exec('npx rimraf cypress/downloads/*')` timed out after waiting `60000ms`.\n\nhttps://on.cypress.io/exec",
                "estack": "CypressError: `cy.exec('npx rimraf cypress/downloads/*')` timed out after waiting `60000ms`.\n\nhttps://on.cypress.io/exec\n    at https://search.dicta.org.il/__cypress/runner/cypress_runner.js:136961:26\n    at tryCatcher (https://search.dicta.org.il/__cypress/runner/cypress_runner.js:10791:23)\n    at https://search.dicta.org.il/__cypress/runner/cypress_runner.js:5913:41\n    at tryCatcher (https://search.dicta.org.il/__cypress/runner/cypress_runner.js:10791:23)\n    at Promise._settlePromiseFromHandler (https://search.dicta.org.il/__cypress/runner/cypress_runner.js:8726:31)\n    at Promise._settlePromise (https://search.dicta.org.il/__cypress/runner/cypress_runner.js:8783:18)\n    at Promise._settlePromise0 (https://search.dicta.org.il/__cypress/runner/cypress_runner.js:8828:10)\n    at Promise._settlePromises (https://search.dicta.org.il/__cypress/runner/cypress_runner.js:8904:18)\n    at _drainQueueStep (https://search.dicta.org.il/__cypress/runner/cypress_runner.js:5498:12)\n    at _drainQueue (https://search.dicta.org.il/__cypress/runner/cypress_runner.js:5491:9)\n    at Async.../../node_modules/bluebird/js/release/async.js.Async._drainQueues (https://search.dicta.org.il/__cypress/runner/cypress_runner.js:5507:5)\n    at Async.drainQueues (https://search.dicta.org.il/__cypress/runner/cypress_runner.js:5377:14)\nFrom Your Spec Code:\n    at Context.eval (https://search.dicta.org.il/__cypress/tests?p=cypress\\support\\index.js:4204:6)",
                "diff": null
              },
              "uuid": "6cdef7f8-a348-4e79-b019-9c0cff205db3",
              "parentUUID": "85c2f9eb-fee1-4301-9798-65e5cb3d368f",
              "isHook": false,
              "skipped": false
            },
            {
              "title": "CSV download do not include the שמות קדושים",
              "fullTitle": "bible-search-tests CSV download do not include the שמות קדושים",
              "timedOut": null,
              "duration": 183559,
              "state": "passed",
              "speed": "slow",
              "pass": true,
              "fail": false,
              "pending": false,
              "context": "\"videos/bible-search-tests.js.mp4\"",
              "code": "cy.searchRun({\n  text: 'א-להים',\n  collection: 'תנ\"ך',\n  language: 'Hebrew'\n});\ncy.theFormOfTheText('עם ניקוד');\ncy.removeDownloadsFiles();\ncy.downloadFile({\n  type: 'CSV',\n  shemotKdoshim: true\n}).then(() => {\n  cy.fileDoesNotContain({\n    type: 'csv',\n    text: 'אֱלֹהִים'\n  });\n});",
              "err": {},
              "uuid": "6527833c-8896-49c7-ba12-d0e1baa22996",
              "parentUUID": "85c2f9eb-fee1-4301-9798-65e5cb3d368f",
              "isHook": false,
              "skipped": false
            },
            {
              "title": "Word download",
              "fullTitle": "bible-search-tests Word download",
              "timedOut": null,
              "duration": 90154,
              "state": "passed",
              "speed": "slow",
              "pass": true,
              "fail": false,
              "pending": false,
              "context": "\"videos/bible-search-tests.js.mp4\"",
              "code": "cy.searchRun({\n  text: 'יום השישי',\n  collection: 'תנ\"ך',\n  language: 'Hebrew'\n});\ncy.removeDownloadsFiles();\ncy.downloadFile({\n  type: 'Word'\n}).then(() => {\n  //Convert file to html\n  cy.readFile('cypress/downloads/searchResults.docx').then(() => {\n    cy.exec('npm run searchResults-convert', {\n      failOnNonZeroExit: false\n    });\n    cy.validateFile({\n      type: 'html',\n      resNum: 12,\n      collection: 'תנ\"ך'\n    });\n  });\n});",
              "err": {},
              "uuid": "3fbeb5dd-ea4d-41dd-9e9a-ed50816beb2f",
              "parentUUID": "85c2f9eb-fee1-4301-9798-65e5cb3d368f",
              "isHook": false,
              "skipped": false
            },
            {
              "title": "Word download do not include the שמות קדושים",
              "fullTitle": "bible-search-tests Word download do not include the שמות קדושים",
              "timedOut": null,
              "duration": 89610,
              "state": "failed",
              "speed": null,
              "pass": false,
              "fail": true,
              "pending": false,
              "context": "\"videos/bible-search-tests.js.mp4\"",
              "code": "cy.searchRun({\n  text: 'א-להים',\n  collection: 'תנ\"ך',\n  language: 'Hebrew'\n});\ncy.theFormOfTheText('עם ניקוד');\ncy.removeDownloadsFiles();\ncy.downloadFile({\n  type: 'Word',\n  shemotKdoshim: true\n}).then(() => {\n  //Convert file to html\n  cy.readFile('cypress/downloads/searchResults.docx').then(() => {\n    cy.exec('npm run searchResults-convert', {\n      failOnNonZeroExit: false\n    });\n    cy.fileDoesNotContain({\n      type: 'html',\n      text: 'אֱלֹהִים'\n    });\n  });\n});",
              "err": {
                "message": "CypressError: `cy.exec('npm run searchResults-convert')` timed out after waiting `60000ms`.\n\nhttps://on.cypress.io/exec",
                "estack": "CypressError: `cy.exec('npm run searchResults-convert')` timed out after waiting `60000ms`.\n\nhttps://on.cypress.io/exec\n    at https://search.dicta.org.il/__cypress/runner/cypress_runner.js:136961:26\n    at tryCatcher (https://search.dicta.org.il/__cypress/runner/cypress_runner.js:10791:23)\n    at https://search.dicta.org.il/__cypress/runner/cypress_runner.js:5930:37\n    at tryCatcher (https://search.dicta.org.il/__cypress/runner/cypress_runner.js:10791:23)\n    at Promise._settlePromiseFromHandler (https://search.dicta.org.il/__cypress/runner/cypress_runner.js:8726:31)\n    at Promise._settlePromise (https://search.dicta.org.il/__cypress/runner/cypress_runner.js:8783:18)\n    at Promise._settlePromise0 (https://search.dicta.org.il/__cypress/runner/cypress_runner.js:8828:10)\n    at Promise._settlePromises (https://search.dicta.org.il/__cypress/runner/cypress_runner.js:8904:18)\n    at _drainQueueStep (https://search.dicta.org.il/__cypress/runner/cypress_runner.js:5498:12)\n    at _drainQueue (https://search.dicta.org.il/__cypress/runner/cypress_runner.js:5491:9)\n    at Async.../../node_modules/bluebird/js/release/async.js.Async._drainQueues (https://search.dicta.org.il/__cypress/runner/cypress_runner.js:5507:5)\n    at Async.drainQueues (https://search.dicta.org.il/__cypress/runner/cypress_runner.js:5377:14)\nFrom Your Spec Code:\n    at Context.eval (https://search.dicta.org.il/__cypress/tests?p=cypress\\integration\\bible-search-tests.js:1360:14)",
                "diff": null
              },
              "uuid": "b8253048-9dfe-4871-880a-45d97ea9f47a",
              "parentUUID": "85c2f9eb-fee1-4301-9798-65e5cb3d368f",
              "isHook": false,
              "skipped": false
            }
          ],
          "suites": [],
          "passes": [
            "1f202bc7-c399-436a-a8a3-54b9074ee7ec",
            "13d5a278-09d4-454f-9f7b-46971fbe8cd2",
            "d742f739-e61f-4cbd-95b5-de9d7cbf6a0e",
            "1aaf01ad-b8b8-4c93-892b-a54fa7b57509",
            "2695f8e4-785f-42df-9f21-8b6a2a4a0d20",
            "89bcb518-a6ee-4479-a738-aacf5dba0cc5",
            "be61bf88-54a3-4e79-be47-5aa04b6d22e6",
            "ddcc386d-e4f6-47db-ba7c-6f44da43a26b",
            "385bae53-49dc-4fd1-a717-58e8de8b3f65",
            "ba263e84-4b64-40d1-93f2-ae799387db4d",
            "ae300e67-0da2-4e3f-98b6-bb94e3baec5b",
            "ababf47e-68b2-43e2-8c5f-7dd238cb7202",
            "5bdd2b43-d8c6-4f26-9da7-2ba4670178bd",
            "184df7f4-0315-440c-9d62-56a376e545f2",
            "1f62475a-7552-41b1-a000-fda46ac91597",
            "53714d78-5a15-4ff0-9895-89bd9bc77f6c",
            "a4e07da1-82b5-42cb-8aba-b0e020cf11c6",
            "d8ec7552-64b7-4780-95bc-54489ebbcfe7",
            "bceefd4c-e80a-434d-9b9e-c1c2946b9518",
            "88241fda-b33a-49f5-92af-007d5370992c",
            "47606a56-9e5c-4950-8dfd-891183b21cd5",
            "c1d2ec5b-2464-4658-a48d-a90224e5cc33",
            "cd0a7776-664d-408a-96d3-ba1d9d9a6564",
            "9331adb8-3001-4254-beec-c6eb6d686822",
            "ab2811b2-6d77-4847-9aa4-0a220bcd33e7",
            "757ed313-07a4-4a8b-accd-af1a1306e04f",
            "185c235e-75f2-441f-b99d-d6ac6f7d84d2",
            "ca1f8e5c-4fe9-40e9-ad62-65387d114721",
            "d43cc1c8-65f5-4a8b-b000-4fe6a9ebf48c",
            "9022b325-938f-4555-8f97-7fd956d93928",
            "c551a106-6923-458c-842c-8c306bbbae4f",
            "997853f4-7330-4c3a-ae6d-f025dec2dfab",
            "ef2ec6cf-47b6-4369-9482-0878ca671bab",
            "8c26139c-4529-417d-b91c-6327444ab105",
            "9cc59af2-e82e-4f26-b3a6-33098bb968c2",
            "6a6bc967-e9e1-49dd-9af1-fb007df09bfd",
            "e3483ee9-1c6d-4c16-97b9-38bdcf9aa970",
            "e338274b-e3c7-4037-8a12-45ecd068c124",
            "b98580da-026a-480d-abf8-871cab9d4e59",
            "fcd2a323-d741-4e95-a0a5-2353f2dec3fd",
            "6527833c-8896-49c7-ba12-d0e1baa22996",
            "3fbeb5dd-ea4d-41dd-9e9a-ed50816beb2f"
          ],
          "failures": [
            "9266ec5d-e7f7-4144-b843-a2e0773c02b2",
            "6cdef7f8-a348-4e79-b019-9c0cff205db3",
            "b8253048-9dfe-4871-880a-45d97ea9f47a"
          ],
          "pending": [],
          "skipped": [],
          "duration": 4851034,
          "root": false,
          "rootEmpty": false,
          "_timeout": 2000
        }
      ],
      "passes": [],
      "failures": [],
      "pending": [],
      "skipped": [],
      "duration": 0,
      "root": true,
      "rootEmpty": true,
      "_timeout": 2000
    }
  ],
  "meta": {
    "mocha": {
      "version": "7.0.1"
    },
    "mochawesome": {
      "options": {
        "quiet": false,
        "reportFilename": "mochawesome",
        "saveHtml": false,
        "saveJson": true,
        "consoleReporter": "spec",
        "useInlineDiffs": false,
        "code": true
      },
      "version": "6.2.2"
    },
    "marge": {
      "options": {
        "id": "default",
        "reportDir": "cypress/results/json",
        "overwrite": false,
        "html": false,
        "json": true
      },
      "version": "5.2.0"
    }
  }
}